#
# A fatal error has been detected by the Java Runtime Environment:
#
#  EXCEPTION_ACCESS_VIOLATION (0xc0000005) at pc=0x0000022349eb2b24, pid=8272, tid=10532
#
# JRE version: OpenJDK Runtime Environment Microsoft-12574459 (21.0.9+10) (build 21.0.9+10-LTS)
# Java VM: OpenJDK 64-Bit Server VM Microsoft-12574459 (21.0.9+10-LTS, mixed mode, sharing, tiered, compressed oops, compressed class ptrs, g1 gc, windows-amd64)
# Problematic frame:
# v  ~BufferBlob::MethodHandles adapters 0x0000022349eb2b24
#
# No core dump will be written. Minidumps are not enabled by default on client versions of Windows
#
# If you would like to submit a bug report, please visit:
#   https://github.com/microsoft/openjdk/issues
#

---------------  S U M M A R Y ------------

Command Line: -agentlib:jdwp=transport=dt_socket,address=127.0.0.1:51113,suspend=y,server=n -javaagent:C:\Users\admin\AppData\Local\JetBrains\IdeaIC2025.1\captureAgent\debugger-agent.jar=file:///C:/Users/admin/AppData/Local/Temp/capture17811967332882538027.props -Dkotlinx.coroutines.debug.enable.creation.stack.trace=false -Ddebugger.agent.enable.coroutines=true -Dkotlinx.coroutines.debug.enable.flows.stack.trace=true -Dkotlinx.coroutines.debug.enable.mutable.state.flows.stack.trace=true -Dfile.encoding=UTF-8 -Dsun.stdout.encoding=UTF-8 -Dsun.stderr.encoding=UTF-8 com.example.app.App

Host: AMD Ryzen 5 1600 Six-Core Processor            , 6 cores, 15G,  Windows 10 , 64 bit Build 19041 (10.0.19041.5915)
Time: Sat Dec 20 09:43:39 2025 Middle East Standard Time elapsed time: 189.655121 seconds (0d 0h 3m 9s)

---------------  T H R E A D  ---------------

Current thread (0x00000223a7535ba0):  JavaThread "http-nio-8080-exec-4" daemon [_thread_in_Java, id=10532, stack(0x000000a091b00000,0x000000a091c00000) (1024K)]

Stack: [0x000000a091b00000,0x000000a091c00000],  sp=0x000000a091bfd208,  free space=1012k
Native frames: (J=compiled Java code, j=interpreted, Vv=VM code, C=native code)
C  0x0000022349eb2b24  (no source info available)

The last pc belongs to _linkToVirtual (printed below).

siginfo: EXCEPTION_ACCESS_VIOLATION (0xc0000005), reading address 0x0000022ab8902882


Registers:
RAX=0x0000022349e896b9, RBX=0x00000007041d7558, RCX=0x000000a091bfd210, RDX=0x0000000000000002
RSP=0x000000a091bfd208, RBP=0x000000a091bfd258, RSI=0x00000223a719e5a8, RDI=0x00000223b067ee20
R8 =0x0000000000000003, R9 =0x00000223a9ca6a10, R10=0x00000223b47290fa, R11=0x00000000e083b2b7
R12=0x0000000000000000, R13=0x000000a091bfd208, R14=0x000000a091bfd278, R15=0x00000223a7535ba0
RIP=0x0000022349eb2b24, EFLAGS=0x0000000000010206

XMM[0]=0x0000000000000000 0x0000000000000000
XMM[1]=0x0000000000000000 0x0000000000000000
XMM[2]=0x0000000000000000 0x0000000000000000
XMM[3]=0x0000000000000000 0x0000000000000000
XMM[4]=0x0000000000000000 0x0000000000000000
XMM[5]=0x0000000000000000 0x0000000000000000
XMM[6]=0x0000000000000000 0xab048c19f1f4f9cd
XMM[7]=0x0000000000000000 0x5c884b93e7bbebc4
XMM[8]=0x0000000000000000 0x657516936eb7bcd5
XMM[9]=0x0000000000000000 0x2fb499237ceb649c
XMM[10]=0x0000000000000000 0x000000004d36cb79
XMM[11]=0x0000000000000000 0x75ad1bfbf2988097
XMM[12]=0x0000000000000000 0x000000007ceb649c
XMM[13]=0x0000000000000000 0x0000000000000000
XMM[14]=0x0000000000000000 0x0000000000000000
XMM[15]=0x0000000000000000 0x0000000000000000
  MXCSR=0x00001fa0


Register to memory mapping:

RAX=0x0000022349e896b9 is at code_begin+4665 in an Interpreter codelet
return entry points  [0x0000022349e88480, 0x0000022349e8a590]  8464 bytes
RBX=0x00000007041d7558 is an oop: com.example.feed.web.FeedRestController 
{0x00000007041d7558} - klass: 'com/example/feed/web/FeedRestController'
 - ---- fields (total size 3 words):
 - private 'feedService' 'Lcom/example/feed/logic/FeedService;' @12  a 'com/example/feed/logic/FeedService'{0x00000007041d7570} (0xe083aeae)
 - private 'cookieService' 'Lcom/example/feed/infrastructure/CookieService;' @16  a 'com/example/feed/infrastructure/CookieService'{0x00000007041d95b8} (0xe083b2b7)
RCX=0x000000a091bfd210 is pointing into the stack for thread: 0x00000223a7535ba0
RDX=0x0000000000000002 is an unknown value
RSP=0x000000a091bfd208 is pointing into the stack for thread: 0x00000223a7535ba0
RBP=0x000000a091bfd258 is pointing into the stack for thread: 0x00000223a7535ba0
RSI=0x00000223a719e5a8 points into unknown readable memory: 0x880009095eacad3a | 3a ad ac 5e 09 09 00 88
RDI=0x00000223b067ee20 points into unknown readable memory: 0x0000001800000060 | 60 00 00 00 18 00 00 00
R8 =0x0000000000000003 is an unknown value
R9 =0x00000223a9ca6a10 points into unknown readable memory: 0x0000001e00000003 | 03 00 00 00 1e 00 00 00
R10=0x00000223b47290fa is an unknown value
R11=3766727351 is a compressed pointer to object: com.example.feed.infrastructure.CookieService 
{0x00000007041d95b8} - klass: 'com/example/feed/infrastructure/CookieService'
 - ---- fields (total size 2 words):
R12=0x0 is null
R13=0x000000a091bfd208 is pointing into the stack for thread: 0x00000223a7535ba0
R14=0x000000a091bfd278 is pointing into the stack for thread: 0x00000223a7535ba0
R15=0x00000223a7535ba0 is a thread

Top of Stack: (sp=0x000000a091bfd208)
0x000000a091bfd208:   0000022349e896b9 000000a091bfd210
0x000000a091bfd218:   000002235a7290fa 0000000000000004
0x000000a091bfd228:   000002235a0b0d70 000002239d9fc4d8
0x000000a091bfd238:   0000000700edf870 000002235a0b38c0
0x000000a091bfd248:   000000a091bfd208 000000a091bfd280
0x000000a091bfd258:   00000007048d80a8 0000022342f419d0
0x000000a091bfd268:   00000007048d8138 00000007041d7558
0x000000a091bfd278:   00000007048d80d0 00000007048d81d0
0x000000a091bfd288:   00000007048d81d0 00010101ffffffff
0x000000a091bfd298:   00000007048d80a8 00000007041d7558
0x000000a091bfd2a8:   00000007048d81a8 00000007048d80d0
0x000000a091bfd2b8:   00000007041d7558 0000022342f41884
0x000000a091bfd2c8:   0000000000000000 00000007048d80a8
0x000000a091bfd2d8:   000002234a85fc1e 00000007048d8088
0x000000a091bfd2e8:   00000007041d7558 0000000704920a80
0x000000a091bfd2f8:   00000007048d8088 00000007041d7558
0x000000a091bfd308:   0000000702f1f360 00000007041d7558
0x000000a091bfd318:   0000000704920a80 0000000700000001
0x000000a091bfd328:   0000000704079960 000000a091bfd378
0x000000a091bfd338:   000000a091bfd3d0 000002234a85f274
0x000000a091bfd348:   0000000000000000 000000a091bfd460
0x000000a091bfd358:   00000223432d9340 0000000000000000
0x000000a091bfd368:   0000000000000000 0000000000000000
0x000000a091bfd378:   00000007077ef418 00000007077ef2e0
0x000000a091bfd388:   00007ffbf984d97f 00000223acf87093
0x000000a091bfd398:   0000000000000003 0000000704079d90
0x000000a091bfd3a8:   0000000704079960 00000007041d7558
0x000000a091bfd3b8:   0000000704920a80 0000000000000000
0x000000a091bfd3c8:   0000000702f1f360 0000000000000000
0x000000a091bfd3d8:   00000007048d8088 00000223432d91f4
0x000000a091bfd3e8:   0000000000000000 000000a091bfd460
0x000000a091bfd3f8:   0000022349e896b9 0000000704920a80 

Instructions: (pc=0x0000022349eb2b24)
0x0000022349eb2a24:   23 02 00 00 80 2a eb 49 23 02 00 00 00 3b eb 49
0x0000022349eb2a34:   23 02 00 00 70 2a eb 49 23 02 00 00 70 2a eb 49
0x0000022349eb2a44:   23 02 00 00 00 00 00 00 00 00 00 00 50 1d cb f9
0x0000022349eb2a54:   fb 7f 00 00 f0 10 00 00 60 00 00 00 ff ff ff ff
0x0000022349eb2a64:   f0 10 00 00 00 00 00 00 00 00 00 00 00 00 00 00
0x0000022349eb2a74:   00 00 00 00 00 00 00 00 00 00 00 00 f4 66 66 66
0x0000022349eb2a84:   0f 1f 84 00 00 00 00 00 66 66 0f 1f 84 00 00 00
0x0000022349eb2a94:   00 00 66 66 0f 1f 84 00 00 00 00 00 48 8b 53 08
0x0000022349eb2aa4:   0f b7 52 2e 48 8b 0c d4 8b 59 14 48 c1 e3 03 8b
0x0000022349eb2ab4:   5b 28 48 c1 e3 03 8b 5b 24 48 c1 e3 03 48 8b 5b
0x0000022349eb2ac4:   10 48 85 db 0f 84 10 00 00 00 41 80 bf d8 05 00
0x0000022349eb2ad4:   00 00 74 03 ff 63 38 ff 63 50 e9 9d 16 00 00 66
0x0000022349eb2ae4:   66 66 0f 1f 84 00 00 00 00 00 66 0f 1f 84 00 00
0x0000022349eb2af4:   00 00 00 66 0f 1f 84 00 00 00 00 00 48 8b 53 08
0x0000022349eb2b04:   0f b7 52 2e 48 8b 0c d4 58 5b 50 44 8b 51 08 49
0x0000022349eb2b14:   bb 00 00 00 5a 23 02 00 00 4d 03 d3 4c 8b 5b 10
0x0000022349eb2b24:   4b 8b 9c da d0 01 00 00 48 85 db 0f 84 10 00 00
0x0000022349eb2b34:   00 41 80 bf d8 05 00 00 00 74 03 ff 63 38 ff 63
0x0000022349eb2b44:   50 e9 36 16 00 00 66 66 66 0f 1f 84 00 00 00 00
0x0000022349eb2b54:   00 66 66 66 0f 1f 84 00 00 00 00 00 58 5b 50 8b
0x0000022349eb2b64:   5b 24 48 c1 e3 03 48 8b 5b 10 48 85 db 0f 84 10
0x0000022349eb2b74:   00 00 00 41 80 bf d8 05 00 00 00 74 03 ff 63 38
0x0000022349eb2b84:   ff 63 50 e9 f4 15 00 00 66 66 0f 1f 84 00 00 00
0x0000022349eb2b94:   00 00 66 66 0f 1f 84 00 00 00 00 00 48 8b 53 08
0x0000022349eb2ba4:   0f b7 52 2e 48 8b 0c d4 58 5b 50 48 3b 01 8b 5b
0x0000022349eb2bb4:   24 48 c1 e3 03 48 8b 5b 10 48 85 db 0f 84 10 00
0x0000022349eb2bc4:   00 00 41 80 bf d8 05 00 00 00 74 03 ff 63 38 ff
0x0000022349eb2bd4:   63 50 e9 a5 15 00 00 0f 1f 44 00 00 48 8b 53 08
0x0000022349eb2be4:   0f b7 52 2e 48 8b 0c d4 58 5b 50 44 8b 51 08 49
0x0000022349eb2bf4:   bb 00 00 00 5a 23 02 00 00 4d 03 d3 8b 43 18 48
0x0000022349eb2c04:   c1 e0 03 48 8b 40 10 48 8b 5b 10 45 8b 9a ac 00
0x0000022349eb2c14:   00 00 4f 8d 9c da d0 01 00 00 4d 8d 14 da 49 8b 


Stack slot to memory mapping:

stack at sp + 0 slots: 0x0000022349e896b9 is at code_begin+4665 in an Interpreter codelet
return entry points  [0x0000022349e88480, 0x0000022349e8a590]  8464 bytes
stack at sp + 1 slots: 0x000000a091bfd210 is pointing into the stack for thread: 0x00000223a7535ba0
stack at sp + 2 slots: 0x000002235a7290fa is pointing into metadata
stack at sp + 3 slots: 0x0000000000000004 is an unknown value
stack at sp + 4 slots: 0x000002235a0b0d70 is pointing into metadata
stack at sp + 5 slots: 0x000002239d9fc4d8 is pointing into metadata
stack at sp + 6 slots: 0x0000000700edf870 is an oop: java.lang.Class 
{0x0000000700edf870} - klass: 'java/lang/Class'
 - ---- fields (total size 14 words):
 - private volatile transient 'classRedefinedCount' 'I' @12  0 (0x00000000)
 - injected 'klass' 'J' @16  2350857783608 (0x000002235a0b0938)
 - injected 'array_klass' 'J' @24  0 (0x0000000000000000)
 - injected 'oop_size' 'I' @32  14 (0x0000000e)
 - injected 'static_oop_field_count' 'I' @36  0 (0x00000000)
 - private volatile transient 'cachedConstructor' 'Ljava/lang/reflect/Constructor;' @40  null (0x00000000)
 - private transient 'name' 'Ljava/lang/String;' @44  "java.lang.invoke.DirectMethodHandle$Holder"{0x0000000700edf8e0} (0xe01dbf1c)
 - private transient 'module' 'Ljava/lang/Module;' @48  a 'java/lang/Module'{0x0000000700ed74a0} (0xe01dae94)
 - private final 'classLoader' 'Ljava/lang/ClassLoader;' @52  null (0x00000000)
 - private transient 'classData' 'Ljava/lang/Object;' @56  null (0x00000000)
 - private transient 'packageName' 'Ljava/lang/String;' @60  null (0x00000000)
 - private final 'componentType' 'Ljava/lang/Class;' @64  null (0x00000000)
 - private volatile transient 'reflectionData' 'Ljava/lang/ref/SoftReference;' @68  null (0x00000000)
 - private volatile transient 'genericInfo' 'Lsun/reflect/generics/repository/ClassRepository;' @72  null (0x00000000)
 - private volatile transient 'enumConstants' '[Ljava/lang/Object;' @76  null (0x00000000)
 - private volatile transient 'enumConstantDirectory' 'Ljava/util/Map;' @80  null (0x00000000)
 - private volatile transient 'annotationData' 'Ljava/lang/Class$AnnotationData;' @84  null (0x00000000)
 - private volatile transient 'annotationType' 'Lsun/reflect/annotation/AnnotationType;' @88  null (0x00000000)
 - transient 'classValueMap' 'Ljava/lang/ClassValue$ClassValueMap;' @92  null (0x00000000)
 - injected 'protection_domain' 'Ljava/lang/Object;' @96  null (0x00000000)
 - injected 'signers_name' 'Ljava/lang/Object;' @100  null (0x00000000)
 - injected 'source_file' 'Ljava/lang/Object;' @104  null (0x00000000)
 - injected '<init_lock>' 'Ljava/lang/Object;' @108  null (0x00000000)
 - signature: Ljava/lang/invoke/DirectMethodHandle$Holder;
 - ---- static fields (0):
stack at sp + 7 slots: {method} {0x000002235a0b38c8} 'invokeVirtual' '(Ljava/lang/Object;Ljava/lang/Object;)Ljava/lang/Object;' in 'java/lang/invoke/DirectMethodHandle$Holder'

MethodHandle::interpreter_entry::_linkToVirtual [0x0000022349eb2ae3, 0x0000022349eb2b4a] (103 bytes)
[MachCode]
  0x0000022349eb2ae3: 6666 660f | 1f84 0000 | 0000 0066 | 0f1f 8400 | 0000 0000 | 660f 1f84 | 0000 0000 | 0048 8b53 
  0x0000022349eb2b03: 080f b752 | 2e48 8b0c | d458 5b50 | 448b 5108 | 49bb 0000 | 005a 2302 | 0000 4d03 | d34c 8b5b 
  0x0000022349eb2b23: 104b 8b9c | dad0 0100 | 0048 85db | 0f84 1000 | 0000 4180 | bfd8 0500 | 0000 7403 | ff63 38ff 
  0x0000022349eb2b43: 6350 e936 | 
[/MachCode]

---------------  P R O C E S S  ---------------

Threads class SMR info:
_java_thread_list=0x00000223a8b8f8a0, length=52, elements={
0x0000022358e56670, 0x0000022358e57380, 0x0000022358e58f40, 0x0000022358e59990,
0x0000022358e5a3e0, 0x0000022358e5ae30, 0x0000022358e5bbb0, 0x0000022358e5c640,
0x0000022359540270, 0x00000223594cd700, 0x00000223594d88e0, 0x000002235953ebd0,
0x00000223595d6510, 0x0000022359571cd0, 0x00000223a3f70240, 0x00000223a3f6dae0,
0x00000223a3f6fbb0, 0x00000223a50cc810, 0x00000223a50d09b0, 0x00000223a1028180,
0x00000223a102a250, 0x00000223a10304c0, 0x00000223a1030b50, 0x00000223a10332b0,
0x00000223a8c1af30, 0x00000223a7533ad0, 0x00000223a7532090, 0x00000223a7534160,
0x00000223a7535510, 0x00000223a7535ba0, 0x00000223a752ec10, 0x00000223a7536230,
0x00000223a75368c0, 0x00000223a7536f50, 0x00000223a7530650, 0x00000223a75375e0,
0x00000223a7537c70, 0x00000223a7538300, 0x00000223a7539d40, 0x00000223a753d1c0,
0x00000223b086f700, 0x00000223b086e350, 0x00000223b086cfa0, 0x00000223b0872b80,
0x00000223b0873f30, 0x00000223b0876690, 0x00000223a5f44160, 0x00000223a5f496b0,
0x00000223a5f43ad0, 0x00000223a5f447f0, 0x00000223a5f44e80, 0x00000223a5f45510
}

Java Threads: ( => current thread )
  0x0000022358e56670 JavaThread "Reference Handler"          daemon [_thread_blocked, id=14132, stack(0x000000a08f400000,0x000000a08f500000) (1024K)]
  0x0000022358e57380 JavaThread "Finalizer"                  daemon [_thread_blocked, id=11768, stack(0x000000a08f500000,0x000000a08f600000) (1024K)]
  0x0000022358e58f40 JavaThread "Signal Dispatcher"          daemon [_thread_blocked, id=13048, stack(0x000000a08f600000,0x000000a08f700000) (1024K)]
  0x0000022358e59990 JavaThread "Attach Listener"            daemon [_thread_blocked, id=6196, stack(0x000000a08f700000,0x000000a08f800000) (1024K)]
  0x0000022358e5a3e0 JavaThread "Service Thread"             daemon [_thread_blocked, id=15708, stack(0x000000a08f800000,0x000000a08f900000) (1024K)]
  0x0000022358e5ae30 JavaThread "Monitor Deflation Thread"   daemon [_thread_blocked, id=9800, stack(0x000000a08f900000,0x000000a08fa00000) (1024K)]
  0x0000022358e5bbb0 JavaThread "C2 CompilerThread0"         daemon [_thread_blocked, id=12692, stack(0x000000a08fa00000,0x000000a08fb00000) (1024K)]
  0x0000022358e5c640 JavaThread "C1 CompilerThread0"         daemon [_thread_blocked, id=12260, stack(0x000000a08fb00000,0x000000a08fc00000) (1024K)]
  0x0000022359540270 JavaThread "JDWP Transport Listener: dt_socket" daemon [_thread_blocked, id=15544, stack(0x000000a08fc00000,0x000000a08fd00000) (1024K)]
  0x00000223594cd700 JavaThread "JDWP Event Helper Thread"   daemon [_thread_blocked, id=9516, stack(0x000000a08fd00000,0x000000a08fe00000) (1024K)]
  0x00000223594d88e0 JavaThread "JDWP Command Reader"        daemon [_thread_in_native, id=20780, stack(0x000000a08fe00000,0x000000a08ff00000) (1024K)]
  0x000002235953ebd0 JavaThread "Common-Cleaner"             daemon [_thread_blocked, id=10200, stack(0x000000a08ff00000,0x000000a090000000) (1024K)]
  0x00000223595d6510 JavaThread "IntelliJ Suspend Helper"    daemon [_thread_blocked, id=11712, stack(0x000000a090000000,0x000000a090100000) (1024K)]
  0x0000022359571cd0 JavaThread "Notification Thread"        daemon [_thread_blocked, id=916, stack(0x000000a090100000,0x000000a090200000) (1024K)]
  0x00000223a3f70240 JavaThread "Catalina-utility-1"                [_thread_blocked, id=10020, stack(0x000000a090a00000,0x000000a090b00000) (1024K)]
  0x00000223a3f6dae0 JavaThread "Catalina-utility-2"                [_thread_blocked, id=10208, stack(0x000000a090c00000,0x000000a090d00000) (1024K)]
  0x00000223a3f6fbb0 JavaThread "container-0"                       [_thread_blocked, id=13012, stack(0x000000a090d00000,0x000000a090e00000) (1024K)]
  0x00000223a50cc810 JavaThread "PostgreSQL-JDBC-Cleaner"    daemon [_thread_blocked, id=10656, stack(0x000000a090f00000,0x000000a091000000) (1024K)]
  0x00000223a50d09b0 JavaThread "HikariPool-1:housekeeper"   daemon [_thread_blocked, id=10388, stack(0x000000a091000000,0x000000a091100000) (1024K)]
  0x00000223a1028180 JavaThread "BufferPoolPruner-1-thread-1" daemon [_thread_blocked, id=15676, stack(0x000000a091200000,0x000000a091300000) (1024K)]
  0x00000223a102a250 JavaThread "cluster-ClusterId{value='694652f8d19af95924e4920f', description='null'}-localhost:27017" daemon [_thread_in_native, id=11228, stack(0x000000a091300000,0x000000a091400000) (1024K)]
  0x00000223a10304c0 JavaThread "cluster-rtt-ClusterId{value='694652f8d19af95924e4920f', description='null'}-localhost:27017" daemon [_thread_blocked, id=12148, stack(0x000000a091400000,0x000000a091500000) (1024K)]
  0x00000223a1030b50 JavaThread "MaintenanceTimer-2-thread-1" daemon [_thread_blocked, id=15744, stack(0x000000a091500000,0x000000a091600000) (1024K)]
  0x00000223a10332b0 JavaThread "Live Reload Server"         daemon [_thread_in_native, id=18472, stack(0x000000a091700000,0x000000a091800000) (1024K)]
  0x00000223a8c1af30 JavaThread "lettuce-timer-3-1"          daemon [_thread_blocked, id=3332, stack(0x000000a091600000,0x000000a091700000) (1024K)]
  0x00000223a7533ad0 JavaThread "File Watcher"               daemon [_thread_blocked, id=9152, stack(0x000000a091100000,0x000000a091200000) (1024K)]
  0x00000223a7532090 JavaThread "http-nio-8080-exec-1"       daemon [_thread_blocked, id=10872, stack(0x000000a091800000,0x000000a091900000) (1024K)]
  0x00000223a7534160 JavaThread "http-nio-8080-exec-2"       daemon [_thread_blocked, id=8032, stack(0x000000a091900000,0x000000a091a00000) (1024K)]
  0x00000223a7535510 JavaThread "http-nio-8080-exec-3"       daemon [_thread_blocked, id=5392, stack(0x000000a091a00000,0x000000a091b00000) (1024K)]
=>0x00000223a7535ba0 JavaThread "http-nio-8080-exec-4"       daemon [_thread_in_Java, id=10532, stack(0x000000a091b00000,0x000000a091c00000) (1024K)]
  0x00000223a752ec10 JavaThread "http-nio-8080-exec-5"       daemon [_thread_blocked, id=6660, stack(0x000000a091c00000,0x000000a091d00000) (1024K)]
  0x00000223a7536230 JavaThread "http-nio-8080-exec-6"       daemon [_thread_blocked, id=7528, stack(0x000000a091d00000,0x000000a091e00000) (1024K)]
  0x00000223a75368c0 JavaThread "http-nio-8080-exec-7"       daemon [_thread_blocked, id=11168, stack(0x000000a091e00000,0x000000a091f00000) (1024K)]
  0x00000223a7536f50 JavaThread "http-nio-8080-exec-8"       daemon [_thread_blocked, id=12452, stack(0x000000a091f00000,0x000000a092000000) (1024K)]
  0x00000223a7530650 JavaThread "http-nio-8080-exec-9"       daemon [_thread_blocked, id=9660, stack(0x000000a092000000,0x000000a092100000) (1024K)]
  0x00000223a75375e0 JavaThread "http-nio-8080-exec-10"      daemon [_thread_blocked, id=5856, stack(0x000000a092100000,0x000000a092200000) (1024K)]
  0x00000223a7537c70 JavaThread "http-nio-8080-Poller"       daemon [_thread_in_native, id=17760, stack(0x000000a092200000,0x000000a092300000) (1024K)]
  0x00000223a7538300 JavaThread "http-nio-8080-Acceptor"     daemon [_thread_in_native, id=19464, stack(0x000000a092300000,0x000000a092400000) (1024K)]
  0x00000223a7539d40 JavaThread "ActiveMQ Broker[localhost] Scheduler" daemon [_thread_blocked, id=17736, stack(0x000000a090200000,0x000000a090300000) (1024K)]
  0x00000223a753d1c0 JavaThread "org.springframework.jms.JmsListenerEndpointContainer#3-1"        [_thread_blocked, id=20200, stack(0x000000a092700000,0x000000a092800000) (1024K)]
  0x00000223b086f700 JavaThread "org.springframework.jms.JmsListenerEndpointContainer#2-1"        [_thread_blocked, id=12532, stack(0x000000a092c00000,0x000000a092d00000) (1024K)]
  0x00000223b086e350 JavaThread "org.springframework.jms.JmsListenerEndpointContainer#4-1"        [_thread_blocked, id=11040, stack(0x000000a092f00000,0x000000a093000000) (1024K)]
  0x00000223b086cfa0 JavaThread "org.springframework.jms.JmsListenerEndpointContainer#1-1"        [_thread_blocked, id=10952, stack(0x000000a093200000,0x000000a093300000) (1024K)]
  0x00000223b0872b80 JavaThread "org.springframework.jms.JmsListenerEndpointContainer#0-1"        [_thread_blocked, id=11484, stack(0x000000a093600000,0x000000a093700000) (1024K)]
  0x00000223b0873f30 JavaThread "DestroyJavaVM"                     [_thread_blocked, id=7092, stack(0x000000a08ec00000,0x000000a08ed00000) (1024K)]
  0x00000223b0876690 JavaThread "lettuce-nioEventLoop-4-1"   daemon [_thread_in_native, id=7440, stack(0x000000a093d00000,0x000000a093e00000) (1024K)]
  0x00000223a5f44160 JavaThread "ActiveMQ BrokerService[localhost] Task-19" daemon [_thread_blocked, id=5948, stack(0x000000a090800000,0x000000a090900000) (1024K)]
  0x00000223a5f496b0 JavaThread "ActiveMQ BrokerService[localhost] Task-20" daemon [_thread_blocked, id=14860, stack(0x000000a090900000,0x000000a090a00000) (1024K)]
  0x00000223a5f43ad0 JavaThread "ActiveMQ BrokerService[localhost] Task-21" daemon [_thread_blocked, id=19056, stack(0x000000a092400000,0x000000a092500000) (1024K)]
  0x00000223a5f447f0 JavaThread "ActiveMQ BrokerService[localhost] Task-22" daemon [_thread_blocked, id=21312, stack(0x000000a092500000,0x000000a092600000) (1024K)]
  0x00000223a5f44e80 JavaThread "ActiveMQ BrokerService[localhost] Task-23" daemon [_thread_blocked, id=21120, stack(0x000000a092600000,0x000000a092700000) (1024K)]
  0x00000223a5f45510 JavaThread "ActiveMQ BrokerService[localhost] Task-24" daemon [_thread_blocked, id=18860, stack(0x000000a08e900000,0x000000a08ea00000) (1024K)]
Total: 52

Other Threads:
  0x0000022358e38560 VMThread "VM Thread"                           [id=20340, stack(0x000000a08f300000,0x000000a08f400000) (1024K)]
  0x0000022358e24670 WatcherThread "VM Periodic Task Thread"        [id=1452, stack(0x000000a08f200000,0x000000a08f300000) (1024K)]
  0x000002233a25bf20 WorkerThread "GC Thread#0"                     [id=20400, stack(0x000000a08ed00000,0x000000a08ee00000) (1024K)]
  0x000002239f4a7c40 WorkerThread "GC Thread#1"                     [id=15752, stack(0x000000a090300000,0x000000a090400000) (1024K)]
  0x000002239f521660 WorkerThread "GC Thread#2"                     [id=5268, stack(0x000000a090400000,0x000000a090500000) (1024K)]
  0x000002239f521a00 WorkerThread "GC Thread#3"                     [id=7860, stack(0x000000a090500000,0x000000a090600000) (1024K)]
  0x000002239f520f20 WorkerThread "GC Thread#4"                     [id=18592, stack(0x000000a090600000,0x000000a090700000) (1024K)]
  0x000002239f521da0 WorkerThread "GC Thread#5"                     [id=11392, stack(0x000000a090700000,0x000000a090800000) (1024K)]
  0x000002233a2bf3f0 ConcurrentGCThread "G1 Main Marker"            [id=20468, stack(0x000000a08ee00000,0x000000a08ef00000) (1024K)]
  0x000002233a2bfef0 WorkerThread "G1 Conc#0"                       [id=20588, stack(0x000000a08ef00000,0x000000a08f000000) (1024K)]
  0x000002239fea2f30 WorkerThread "G1 Conc#1"                       [id=6916, stack(0x000000a090b00000,0x000000a090c00000) (1024K)]
  0x0000022358ce4490 ConcurrentGCThread "G1 Refine#0"               [id=11300, stack(0x000000a08f000000,0x000000a08f100000) (1024K)]
  0x0000022358ce6f10 ConcurrentGCThread "G1 Service"                [id=18216, stack(0x000000a08f100000,0x000000a08f200000) (1024K)]
Total: 13

Threads with active compile tasks:
Total: 0

VM state: not at safepoint (normal execution)

VM Mutex/Monitor currently owned by a thread: None

Heap address: 0x0000000700a00000, size: 4086 MB, Compressed Oops mode: Zero based, Oop shift amount: 3

CDS archive(s) mapped at: [0x000002235a000000-0x000002235ac80000-0x000002235ac80000), size 13107200, SharedBaseAddress: 0x000002235a000000, ArchiveRelocationMode: 1.
Compressed class space mapped at: 0x000002235b000000-0x000002239b000000, reserved size: 1073741824
Narrow klass base: 0x000002235a000000, Narrow klass shift: 0, Narrow klass range: 0x100000000

GC Precious Log:
 CardTable entry size: 512
 Card Set container configuration: InlinePtr #cards 4 size 8 Array Of Cards #cards 16 size 48 Howl #buckets 8 coarsen threshold 3686 Howl Bitmap #cards 512 size 80 coarsen threshold 460 Card regions per heap region 1 cards per card region 4096
 CPUs: 6 total, 6 available
 Memory: 16336M
 Large Page Support: Disabled
 NUMA Support: Disabled
 Compressed Oops: Enabled (Zero based)
 Heap Region Size: 2M
 Heap Min Capacity: 8M
 Heap Initial Capacity: 256M
 Heap Max Capacity: 4086M
 Pre-touch: Disabled
 Parallel Workers: 6
 Concurrent Workers: 2
 Concurrent Refinement Workers: 6
 Periodic GC: Disabled

Heap:
 garbage-first heap   total 141312K, used 84597K [0x0000000700a00000, 0x0000000800000000)
  region size 2048K, 19 young (38912K), 3 survivors (6144K)
 Metaspace       used 112170K, committed 113152K, reserved 1179648K
  class space    used 15148K, committed 15616K, reserved 1048576K

Heap Regions: E=young(eden), S=young(survivor), O=old, HS=humongous(starts), HC=humongous(continues), CS=collection set, F=free, TAMS=top-at-mark-start, PB=parsable bottom
|   0|0x0000000700a00000, 0x0000000700c00000, 0x0000000700c00000|100%| O|  |TAMS 0x0000000700a00000| PB 0x0000000700a00000| Untracked 
|   1|0x0000000700c00000, 0x0000000700e00000, 0x0000000700e00000|100%| O|  |TAMS 0x0000000700c00000| PB 0x0000000700c00000| Untracked 
|   2|0x0000000700e00000, 0x0000000701000000, 0x0000000701000000|100%| O|  |TAMS 0x0000000700e00000| PB 0x0000000700e00000| Untracked 
|   3|0x0000000701000000, 0x0000000701200000, 0x0000000701200000|100%| O|  |TAMS 0x0000000701000000| PB 0x0000000701000000| Untracked 
|   4|0x0000000701200000, 0x0000000701400000, 0x0000000701400000|100%| O|  |TAMS 0x0000000701200000| PB 0x0000000701200000| Untracked 
|   5|0x0000000701400000, 0x0000000701600000, 0x0000000701600000|100%| O|  |TAMS 0x0000000701400000| PB 0x0000000701400000| Untracked 
|   6|0x0000000701600000, 0x0000000701800000, 0x0000000701800000|100%| O|  |TAMS 0x0000000701600000| PB 0x0000000701600000| Untracked 
|   7|0x0000000701800000, 0x0000000701a00000, 0x0000000701a00000|100%| O|  |TAMS 0x0000000701800000| PB 0x0000000701800000| Untracked 
|   8|0x0000000701a00000, 0x0000000701c00000, 0x0000000701c00000|100%| O|  |TAMS 0x0000000701a00000| PB 0x0000000701a00000| Untracked 
|   9|0x0000000701c00000, 0x0000000701e00000, 0x0000000701e00000|100%| O|  |TAMS 0x0000000701c00000| PB 0x0000000701c00000| Untracked 
|  10|0x0000000701e00000, 0x0000000702000000, 0x0000000702000000|100%| O|  |TAMS 0x0000000701e00000| PB 0x0000000701e00000| Untracked 
|  11|0x0000000702000000, 0x0000000702200000, 0x0000000702200000|100%| O|  |TAMS 0x0000000702000000| PB 0x0000000702000000| Untracked 
|  12|0x0000000702200000, 0x0000000702385728, 0x0000000702400000| 76%| O|Cm|TAMS 0x0000000702200000| PB 0x0000000702200000| Complete 
|  13|0x0000000702400000, 0x0000000702600000, 0x0000000702600000|100%| O|  |TAMS 0x0000000702400000| PB 0x0000000702400000| Untracked 
|  14|0x0000000702600000, 0x0000000702800000, 0x0000000702800000|100%| O|  |TAMS 0x0000000702600000| PB 0x0000000702600000| Untracked 
|  15|0x0000000702800000, 0x0000000702a00000, 0x0000000702a00000|100%| O|  |TAMS 0x0000000702800000| PB 0x0000000702800000| Untracked 
|  16|0x0000000702a00000, 0x0000000702c00000, 0x0000000702c00000|100%| O|  |TAMS 0x0000000702a00000| PB 0x0000000702a00000| Untracked 
|  17|0x0000000702c00000, 0x0000000702e00000, 0x0000000702e00000|100%| O|  |TAMS 0x0000000702c00000| PB 0x0000000702c00000| Untracked 
|  18|0x0000000702e00000, 0x0000000703000000, 0x0000000703000000|100%| O|  |TAMS 0x0000000702e00000| PB 0x0000000702e00000| Untracked 
|  19|0x0000000703000000, 0x0000000703200000, 0x0000000703200000|100%| O|  |TAMS 0x0000000703000000| PB 0x0000000703000000| Untracked 
|  20|0x0000000703200000, 0x0000000703200000, 0x0000000703400000|  0%| F|  |TAMS 0x0000000703200000| PB 0x0000000703200000| Untracked 
|  21|0x0000000703400000, 0x0000000703400000, 0x0000000703600000|  0%| F|  |TAMS 0x0000000703400000| PB 0x0000000703400000| Untracked 
|  22|0x0000000703600000, 0x0000000703600000, 0x0000000703800000|  0%| F|  |TAMS 0x0000000703600000| PB 0x0000000703600000| Untracked 
|  23|0x0000000703800000, 0x0000000703a00000, 0x0000000703a00000|100%| O|  |TAMS 0x0000000703800000| PB 0x0000000703800000| Untracked 
|  24|0x0000000703a00000, 0x0000000703c00000, 0x0000000703c00000|100%| O|  |TAMS 0x0000000703a00000| PB 0x0000000703a00000| Untracked 
|  25|0x0000000703c00000, 0x0000000703c00000, 0x0000000703e00000|  0%| F|  |TAMS 0x0000000703c00000| PB 0x0000000703c00000| Untracked 
|  26|0x0000000703e00000, 0x0000000703e00000, 0x0000000704000000|  0%| F|  |TAMS 0x0000000703e00000| PB 0x0000000703e00000| Untracked 
|  27|0x0000000704000000, 0x0000000704200000, 0x0000000704200000|100%| O|  |TAMS 0x0000000704000000| PB 0x0000000704000000| Untracked 
|  28|0x0000000704200000, 0x0000000704400000, 0x0000000704400000|100%| O|  |TAMS 0x0000000704200000| PB 0x0000000704200000| Untracked 
|  29|0x0000000704400000, 0x00000007044f5210, 0x0000000704600000| 47%| S|CS|TAMS 0x0000000704400000| PB 0x0000000704400000| Complete 
|  30|0x0000000704600000, 0x0000000704622da0, 0x0000000704800000|  6%| O|  |TAMS 0x0000000704600000| PB 0x0000000704600000| Untracked 
|  31|0x0000000704800000, 0x0000000704a00000, 0x0000000704a00000|100%| S|CS|TAMS 0x0000000704800000| PB 0x0000000704800000| Complete 
|  32|0x0000000704a00000, 0x0000000704c00000, 0x0000000704c00000|100%| S|CS|TAMS 0x0000000704a00000| PB 0x0000000704a00000| Complete 
|  33|0x0000000704c00000, 0x0000000704c00000, 0x0000000704e00000|  0%| F|  |TAMS 0x0000000704c00000| PB 0x0000000704c00000| Untracked 
|  34|0x0000000704e00000, 0x0000000704e00000, 0x0000000705000000|  0%| F|  |TAMS 0x0000000704e00000| PB 0x0000000704e00000| Untracked 
|  35|0x0000000705000000, 0x0000000705000000, 0x0000000705200000|  0%| F|  |TAMS 0x0000000705000000| PB 0x0000000705000000| Untracked 
|  36|0x0000000705200000, 0x0000000705200000, 0x0000000705400000|  0%| F|  |TAMS 0x0000000705200000| PB 0x0000000705200000| Untracked 
|  37|0x0000000705400000, 0x0000000705400000, 0x0000000705600000|  0%| F|  |TAMS 0x0000000705400000| PB 0x0000000705400000| Untracked 
|  38|0x0000000705600000, 0x0000000705600000, 0x0000000705800000|  0%| F|  |TAMS 0x0000000705600000| PB 0x0000000705600000| Untracked 
|  39|0x0000000705800000, 0x0000000705800000, 0x0000000705a00000|  0%| F|  |TAMS 0x0000000705800000| PB 0x0000000705800000| Untracked 
|  40|0x0000000705a00000, 0x0000000705a00000, 0x0000000705c00000|  0%| F|  |TAMS 0x0000000705a00000| PB 0x0000000705a00000| Untracked 
|  41|0x0000000705c00000, 0x0000000705c00000, 0x0000000705e00000|  0%| F|  |TAMS 0x0000000705c00000| PB 0x0000000705c00000| Untracked 
|  42|0x0000000705e00000, 0x0000000705e00000, 0x0000000706000000|  0%| F|  |TAMS 0x0000000705e00000| PB 0x0000000705e00000| Untracked 
|  43|0x0000000706000000, 0x0000000706000000, 0x0000000706200000|  0%| F|  |TAMS 0x0000000706000000| PB 0x0000000706000000| Untracked 
|  44|0x0000000706200000, 0x0000000706200000, 0x0000000706400000|  0%| F|  |TAMS 0x0000000706200000| PB 0x0000000706200000| Untracked 
|  45|0x0000000706400000, 0x0000000706400000, 0x0000000706600000|  0%| F|  |TAMS 0x0000000706400000| PB 0x0000000706400000| Untracked 
|  46|0x0000000706600000, 0x0000000706600000, 0x0000000706800000|  0%| F|  |TAMS 0x0000000706600000| PB 0x0000000706600000| Untracked 
|  47|0x0000000706800000, 0x0000000706800000, 0x0000000706a00000|  0%| F|  |TAMS 0x0000000706800000| PB 0x0000000706800000| Untracked 
|  48|0x0000000706a00000, 0x0000000706a00000, 0x0000000706c00000|  0%| F|  |TAMS 0x0000000706a00000| PB 0x0000000706a00000| Untracked 
|  49|0x0000000706c00000, 0x0000000706c00000, 0x0000000706e00000|  0%| F|  |TAMS 0x0000000706c00000| PB 0x0000000706c00000| Untracked 
|  50|0x0000000706e00000, 0x0000000706e00000, 0x0000000707000000|  0%| F|  |TAMS 0x0000000706e00000| PB 0x0000000706e00000| Untracked 
|  51|0x0000000707000000, 0x0000000707000000, 0x0000000707200000|  0%| F|  |TAMS 0x0000000707000000| PB 0x0000000707000000| Untracked 
|  52|0x0000000707200000, 0x0000000707200000, 0x0000000707400000|  0%| F|  |TAMS 0x0000000707200000| PB 0x0000000707200000| Untracked 
|  53|0x0000000707400000, 0x00000007074d1f70, 0x0000000707600000| 41%| E|  |TAMS 0x0000000707400000| PB 0x0000000707400000| Complete 
|  54|0x0000000707600000, 0x0000000707800000, 0x0000000707800000|100%| E|CS|TAMS 0x0000000707600000| PB 0x0000000707600000| Complete 
|  55|0x0000000707800000, 0x0000000707a00000, 0x0000000707a00000|100%| E|CS|TAMS 0x0000000707800000| PB 0x0000000707800000| Complete 
|  56|0x0000000707a00000, 0x0000000707c00000, 0x0000000707c00000|100%| E|CS|TAMS 0x0000000707a00000| PB 0x0000000707a00000| Complete 
|  57|0x0000000707c00000, 0x0000000707e00000, 0x0000000707e00000|100%| E|CS|TAMS 0x0000000707c00000| PB 0x0000000707c00000| Complete 
|  58|0x0000000707e00000, 0x0000000708000000, 0x0000000708000000|100%| E|CS|TAMS 0x0000000707e00000| PB 0x0000000707e00000| Complete 
|  59|0x0000000708000000, 0x0000000708200000, 0x0000000708200000|100%| E|CS|TAMS 0x0000000708000000| PB 0x0000000708000000| Complete 
|  60|0x0000000708200000, 0x0000000708400000, 0x0000000708400000|100%| E|CS|TAMS 0x0000000708200000| PB 0x0000000708200000| Complete 
|  61|0x0000000708400000, 0x0000000708600000, 0x0000000708600000|100%| E|CS|TAMS 0x0000000708400000| PB 0x0000000708400000| Complete 
|  62|0x0000000708600000, 0x0000000708800000, 0x0000000708800000|100%| E|CS|TAMS 0x0000000708600000| PB 0x0000000708600000| Complete 
|  63|0x0000000708800000, 0x0000000708a00000, 0x0000000708a00000|100%| E|CS|TAMS 0x0000000708800000| PB 0x0000000708800000| Complete 
|  64|0x0000000708a00000, 0x0000000708c00000, 0x0000000708c00000|100%| E|CS|TAMS 0x0000000708a00000| PB 0x0000000708a00000| Complete 
|  65|0x0000000708c00000, 0x0000000708e00000, 0x0000000708e00000|100%| E|CS|TAMS 0x0000000708c00000| PB 0x0000000708c00000| Complete 
|  66|0x0000000708e00000, 0x0000000709000000, 0x0000000709000000|100%| E|CS|TAMS 0x0000000708e00000| PB 0x0000000708e00000| Complete 
|  67|0x0000000709000000, 0x0000000709200000, 0x0000000709200000|100%| E|CS|TAMS 0x0000000709000000| PB 0x0000000709000000| Complete 
| 127|0x0000000710800000, 0x0000000710a00000, 0x0000000710a00000|100%| E|CS|TAMS 0x0000000710800000| PB 0x0000000710800000| Complete 

Card table byte_map: [0x0000022352260000,0x0000022352a60000] _byte_map_base: 0x000002234ea5b000

Marking Bits: (CMBitMap*) 0x000002233a2aea10
 Bits: [0x0000022352a60000, 0x0000022356a38000)

Polling page: 0x0000022339a00000

Metaspace:

Usage:
  Non-class:     94.75 MB used.
      Class:     14.79 MB used.
       Both:    109.54 MB used.

Virtual space:
  Non-class space:      128.00 MB reserved,      95.25 MB ( 74%) committed,  2 nodes.
      Class space:        1.00 GB reserved,      15.25 MB (  1%) committed,  1 nodes.
             Both:        1.12 GB reserved,     110.50 MB ( 10%) committed. 

Chunk freelists:
   Non-Class:  15.88 MB
       Class:  830.00 KB
        Both:  16.69 MB

MaxMetaspaceSize: unlimited
CompressedClassSpaceSize: 1.00 GB
Initial GC threshold: 21.00 MB
Current GC threshold: 164.19 MB
CDS: on
 - commit_granule_bytes: 65536.
 - commit_granule_words: 8192.
 - virtual_space_node_default_size: 8388608.
 - enlarge_chunks_in_place: 1.
 - use_allocation_guard: 0.


Internal statistics:

num_allocs_failed_limit: 15.
num_arena_births: 1410.
num_arena_deaths: 2.
num_vsnodes_births: 3.
num_vsnodes_deaths: 0.
num_space_committed: 1768.
num_space_uncommitted: 0.
num_chunks_returned_to_freelist: 18.
num_chunks_taken_from_freelist: 5385.
num_chunk_merges: 12.
num_chunk_splits: 3879.
num_chunks_enlarged: 3009.
num_inconsistent_stats: 0.

CodeHeap 'non-profiled nmethods': size=120000Kb used=6789Kb max_used=6789Kb free=113210Kb
 bounds [0x000002234a420000, 0x000002234aad0000, 0x0000022351950000]
CodeHeap 'profiled nmethods': size=120000Kb used=17799Kb max_used=17799Kb free=102200Kb
 bounds [0x0000022342950000, 0x0000022343ac0000, 0x0000022349e80000]
CodeHeap 'non-nmethods': size=5760Kb used=1743Kb max_used=1793Kb free=4016Kb
 bounds [0x0000022349e80000, 0x000002234a0f0000, 0x000002234a420000]
CodeCache: size=245760Kb, used=26331Kb, max_used=26381Kb, free=219426Kb
 total_blobs=10196, nmethods=9378, adapters=721, full_count=0
Compilation: enabled, stopped_count=0, restarted_count=0

Compilation events (20 events):
Event: 176.001 Thread 0x0000022358e5c640 nmethod 10445 0x0000022343aad890 code [0x0000022343aada40, 0x0000022343aadbb8]
Event: 176.001 Thread 0x0000022358e5c640 10446       3       org.springframework.web.cors.CorsUtils::isPreFlightRequest (43 bytes)
Event: 176.001 Thread 0x0000022358e5c640 nmethod 10446 0x0000022343aadc90 code [0x0000022343aade80, 0x0000022343aae358]
Event: 176.001 Thread 0x0000022358e5c640 10449       1       org.springframework.util.LinkedCaseInsensitiveMap::getLocale (5 bytes)
Event: 176.001 Thread 0x0000022358e5c640 nmethod 10449 0x000002234aac0090 code [0x000002234aac0220, 0x000002234aac02f0]
Event: 176.003 Thread 0x0000022358e5bbb0 nmethod 10450 0x000002234aac0390 code [0x000002234aac0540, 0x000002234aac0790]
Event: 176.003 Thread 0x0000022358e5bbb0 10448       4       java.nio.Buffer::remaining (20 bytes)
Event: 176.003 Thread 0x0000022358e5bbb0 nmethod 10448 0x000002234aac0990 code [0x000002234aac0b20, 0x000002234aac0bb8]
Event: 180.116 Thread 0x0000022358e5c640 10451       3       java.util.concurrent.ScheduledThreadPoolExecutor$DelayedWorkQueue::add (9 bytes)
Event: 180.117 Thread 0x0000022358e5c640 nmethod 10451 0x0000022343aae510 code [0x0000022343aae6e0, 0x0000022343aae9d0]
Event: 180.117 Thread 0x0000022358e5c640 10452       3       java.util.concurrent.ThreadPoolExecutor::ensurePrestart (41 bytes)
Event: 180.117 Thread 0x0000022358e5c640 nmethod 10452 0x0000022343aaeb10 code [0x0000022343aaece0, 0x0000022343aaefa8]
Event: 180.777 Thread 0x0000022358e5bbb0 10453       4       java.nio.HeapByteBuffer::getLong (31 bytes)
Event: 180.777 Thread 0x0000022358e5c640 10454       3       org.bson.AbstractBsonReader::readStartDocument (22 bytes)
Event: 180.778 Thread 0x0000022358e5c640 nmethod 10454 0x0000022343aaf110 code [0x0000022343aaf300, 0x0000022343aaf8c8]
Event: 180.778 Thread 0x0000022358e5c640 10455       3       org.bson.BsonBinaryReader::doReadStartDocument (55 bytes)
Event: 180.778 Thread 0x0000022358e5bbb0 nmethod 10453 0x000002234aac0c90 code [0x000002234aac0e20, 0x000002234aac0f90]
Event: 180.778 Thread 0x0000022358e5c640 nmethod 10455 0x0000022343aafa90 code [0x0000022343aafce0, 0x0000022343ab0860]
Event: 184.255 Thread 0x0000022358e5bbb0 10456       4       java.util.Collections$UnmodifiableCollection::size (10 bytes)
Event: 184.256 Thread 0x0000022358e5bbb0 nmethod 10456 0x000002234aac1190 code [0x000002234aac1320, 0x000002234aac13d8]

GC Heap History (20 events):
Event: 5.329 GC heap before
{Heap before GC invocations=14 (full 0):
 garbage-first heap   total 55296K, used 46710K [0x0000000700a00000, 0x0000000800000000)
  region size 2048K, 12 young (24576K), 2 survivors (4096K)
 Metaspace       used 40300K, committed 40768K, reserved 1114112K
  class space    used 5040K, committed 5248K, reserved 1048576K
}
Event: 5.334 GC heap after
{Heap after GC invocations=15 (full 0):
 garbage-first heap   total 55296K, used 26204K [0x0000000700a00000, 0x0000000800000000)
  region size 2048K, 2 young (4096K), 2 survivors (4096K)
 Metaspace       used 40300K, committed 40768K, reserved 1114112K
  class space    used 5040K, committed 5248K, reserved 1048576K
}
Event: 5.724 GC heap before
{Heap before GC invocations=15 (full 0):
 garbage-first heap   total 55296K, used 48732K [0x0000000700a00000, 0x0000000800000000)
  region size 2048K, 13 young (26624K), 2 survivors (4096K)
 Metaspace       used 43558K, committed 44096K, reserved 1114112K
  class space    used 5438K, committed 5696K, reserved 1048576K
}
Event: 5.731 GC heap after
{Heap after GC invocations=16 (full 0):
 garbage-first heap   total 159744K, used 27784K [0x0000000700a00000, 0x0000000800000000)
  region size 2048K, 1 young (2048K), 1 survivors (2048K)
 Metaspace       used 43558K, committed 44096K, reserved 1114112K
  class space    used 5438K, committed 5696K, reserved 1048576K
}
Event: 7.555 GC heap before
{Heap before GC invocations=16 (full 0):
 garbage-first heap   total 159744K, used 115848K [0x0000000700a00000, 0x0000000800000000)
  region size 2048K, 45 young (92160K), 1 survivors (2048K)
 Metaspace       used 59469K, committed 60096K, reserved 1114112K
  class space    used 7710K, committed 8000K, reserved 1048576K
}
Event: 7.562 GC heap after
{Heap after GC invocations=17 (full 0):
 garbage-first heap   total 159744K, used 32960K [0x0000000700a00000, 0x0000000800000000)
  region size 2048K, 4 young (8192K), 4 survivors (8192K)
 Metaspace       used 59469K, committed 60096K, reserved 1114112K
  class space    used 7710K, committed 8000K, reserved 1048576K
}
Event: 8.709 GC heap before
{Heap before GC invocations=18 (full 0):
 garbage-first heap   total 116736K, used 94400K [0x0000000700a00000, 0x0000000800000000)
  region size 2048K, 34 young (69632K), 4 survivors (8192K)
 Metaspace       used 69945K, committed 70656K, reserved 1114112K
  class space    used 9266K, committed 9600K, reserved 1048576K
}
Event: 8.715 GC heap after
{Heap after GC invocations=19 (full 0):
 garbage-first heap   total 116736K, used 35167K [0x0000000700a00000, 0x0000000800000000)
  region size 2048K, 4 young (8192K), 4 survivors (8192K)
 Metaspace       used 69945K, committed 70656K, reserved 1114112K
  class space    used 9266K, committed 9600K, reserved 1048576K
}
Event: 9.683 GC heap before
{Heap before GC invocations=19 (full 0):
 garbage-first heap   total 116736K, used 96607K [0x0000000700a00000, 0x0000000800000000)
  region size 2048K, 34 young (69632K), 4 survivors (8192K)
 Metaspace       used 79525K, committed 80192K, reserved 1179648K
  class space    used 10760K, committed 11072K, reserved 1048576K
}
Event: 9.696 GC heap after
{Heap after GC invocations=20 (full 0):
 garbage-first heap   total 116736K, used 38404K [0x0000000700a00000, 0x0000000800000000)
  region size 2048K, 4 young (8192K), 4 survivors (8192K)
 Metaspace       used 79525K, committed 80192K, reserved 1179648K
  class space    used 10760K, committed 11072K, reserved 1048576K
}
Event: 10.107 GC heap before
{Heap before GC invocations=20 (full 0):
 garbage-first heap   total 116736K, used 97796K [0x0000000700a00000, 0x0000000800000000)
  region size 2048K, 34 young (69632K), 4 survivors (8192K)
 Metaspace       used 82164K, committed 82816K, reserved 1179648K
  class space    used 11225K, committed 11520K, reserved 1048576K
}
Event: 10.117 GC heap after
{Heap after GC invocations=21 (full 0):
 garbage-first heap   total 116736K, used 44069K [0x0000000700a00000, 0x0000000800000000)
  region size 2048K, 5 young (10240K), 5 survivors (10240K)
 Metaspace       used 82164K, committed 82816K, reserved 1179648K
  class space    used 11225K, committed 11520K, reserved 1048576K
}
Event: 11.218 GC heap before
{Heap before GC invocations=21 (full 0):
 garbage-first heap   total 116736K, used 101413K [0x0000000700a00000, 0x0000000800000000)
  region size 2048K, 33 young (67584K), 5 survivors (10240K)
 Metaspace       used 88667K, committed 89408K, reserved 1179648K
  class space    used 12151K, committed 12480K, reserved 1048576K
}
Event: 11.226 GC heap after
{Heap after GC invocations=22 (full 0):
 garbage-first heap   total 141312K, used 43162K [0x0000000700a00000, 0x0000000800000000)
  region size 2048K, 2 young (4096K), 2 survivors (4096K)
 Metaspace       used 88667K, committed 89408K, reserved 1179648K
  class space    used 12151K, committed 12480K, reserved 1048576K
}
Event: 13.389 GC heap before
{Heap before GC invocations=22 (full 0):
 garbage-first heap   total 141312K, used 123034K [0x0000000700a00000, 0x0000000800000000)
  region size 2048K, 41 young (83968K), 2 survivors (4096K)
 Metaspace       used 98876K, committed 99712K, reserved 1179648K
  class space    used 13518K, committed 13888K, reserved 1048576K
}
Event: 13.398 GC heap after
{Heap after GC invocations=23 (full 0):
 garbage-first heap   total 141312K, used 49924K [0x0000000700a00000, 0x0000000800000000)
  region size 2048K, 6 young (12288K), 6 survivors (12288K)
 Metaspace       used 98876K, committed 99712K, reserved 1179648K
  class space    used 13518K, committed 13888K, reserved 1048576K
}
Event: 13.505 GC heap before
{Heap before GC invocations=23 (full 0):
 garbage-first heap   total 141312K, used 56068K [0x0000000700a00000, 0x0000000800000000)
  region size 2048K, 10 young (20480K), 6 survivors (12288K)
 Metaspace       used 99669K, committed 100480K, reserved 1179648K
  class space    used 13630K, committed 14016K, reserved 1048576K
}
Event: 13.511 GC heap after
{Heap after GC invocations=24 (full 0):
 garbage-first heap   total 141312K, used 50546K [0x0000000700a00000, 0x0000000800000000)
  region size 2048K, 1 young (2048K), 1 survivors (2048K)
 Metaspace       used 99669K, committed 100480K, reserved 1179648K
  class space    used 13630K, committed 14016K, reserved 1048576K
}
Event: 51.499 GC heap before
{Heap before GC invocations=25 (full 0):
 garbage-first heap   total 141312K, used 120178K [0x0000000700a00000, 0x0000000800000000)
  region size 2048K, 36 young (73728K), 1 survivors (2048K)
 Metaspace       used 111266K, committed 112128K, reserved 1179648K
  class space    used 15084K, committed 15488K, reserved 1048576K
}
Event: 51.504 GC heap after
{Heap after GC invocations=26 (full 0):
 garbage-first heap   total 141312K, used 53877K [0x0000000700a00000, 0x0000000800000000)
  region size 2048K, 3 young (6144K), 3 survivors (6144K)
 Metaspace       used 111266K, committed 112128K, reserved 1179648K
  class space    used 15084K, committed 15488K, reserved 1048576K
}

Dll operation events (12 events):
Event: 0.008 Loaded shared library C:\Users\admin\.jdks\ms-21.0.9\bin\java.dll
Event: 0.009 Loaded shared library C:\Users\admin\.jdks\ms-21.0.9\bin\zip.dll
Event: 0.047 Loaded shared library C:\Users\admin\.jdks\ms-21.0.9\bin\jsvml.dll
Event: 0.189 Loaded shared library C:\Users\admin\.jdks\ms-21.0.9\bin\instrument.dll
Event: 0.253 Loaded shared library C:\Users\admin\.jdks\ms-21.0.9\bin\net.dll
Event: 0.254 Loaded shared library C:\Users\admin\.jdks\ms-21.0.9\bin\nio.dll
Event: 0.264 Loaded shared library C:\Users\admin\.jdks\ms-21.0.9\bin\zip.dll
Event: 0.431 Loaded shared library C:\Users\admin\.jdks\ms-21.0.9\bin\jimage.dll
Event: 0.781 Loaded shared library C:\Users\admin\.jdks\ms-21.0.9\bin\management.dll
Event: 0.787 Loaded shared library C:\Users\admin\.jdks\ms-21.0.9\bin\management_ext.dll
Event: 2.392 Loaded shared library C:\Users\admin\.jdks\ms-21.0.9\bin\sunmscapi.dll
Event: 6.324 Loaded shared library C:\Users\admin\.jdks\ms-21.0.9\bin\extnet.dll

Deoptimization events (20 events):
Event: 51.588 Thread 0x00000223a7532090 DEOPT PACKING pc=0x000002234a448f38 sp=0x000000a0918fe380
Event: 51.588 Thread 0x00000223a7532090 DEOPT UNPACKING pc=0x0000022349ed4422 sp=0x000000a0918fe2c0 mode 2
Event: 51.588 Thread 0x00000223a7532090 Uncommon trap: trap_request=0xffffff45 fr.pc=0x000002234a552b58 relative=0x00000000000003b8
Event: 51.588 Thread 0x00000223a7532090 Uncommon trap: reason=unstable_if action=reinterpret pc=0x000002234a552b58 method=java.util.concurrent.ConcurrentHashMap.get(Ljava/lang/Object;)Ljava/lang/Object; @ 76 c2
Event: 51.588 Thread 0x00000223a7532090 DEOPT PACKING pc=0x000002234a552b58 sp=0x000000a0918fe3d0
Event: 51.588 Thread 0x00000223a7532090 DEOPT UNPACKING pc=0x0000022349ed4422 sp=0x000000a0918fe2e8 mode 2
Event: 168.297 Thread 0x00000223a7535510 DEOPT PACKING pc=0x0000022343562114 sp=0x000000a091afd510
Event: 168.297 Thread 0x00000223a7535510 DEOPT UNPACKING pc=0x0000022349ed4bc2 sp=0x000000a091afc9c0 mode 1
Event: 168.297 Thread 0x00000223a7535510 DEOPT PACKING pc=0x0000022342f41884 sp=0x000000a091afd570
Event: 168.297 Thread 0x00000223a7535510 DEOPT UNPACKING pc=0x0000022349ed4bc2 sp=0x000000a091afca10 mode 1
Event: 168.297 Thread 0x00000223a7535510 DEOPT PACKING pc=0x000002234a85f274 sp=0x000000a091afd5d0
Event: 168.297 Thread 0x00000223a7535510 DEOPT UNPACKING pc=0x0000022349ed4bc2 sp=0x000000a091afc9b8 mode 1
Event: 168.297 Thread 0x00000223a7535510 DEOPT PACKING pc=0x00000223432d91f4 sp=0x000000a091afd650
Event: 168.297 Thread 0x00000223a7535510 DEOPT UNPACKING pc=0x0000022349ed4bc2 sp=0x000000a091afcb40 mode 1
Event: 168.298 Thread 0x00000223a7535510 Uncommon trap: trap_request=0xffffffde fr.pc=0x000002234aa32edc relative=0x0000000000000d7c
Event: 168.298 Thread 0x00000223a7535510 Uncommon trap: reason=class_check action=maybe_recompile pc=0x000002234aa32edc method=org.springframework.core.MethodParameter.getGenericParameterType()Ljava/lang/reflect/Type; @ 17 c2
Event: 168.298 Thread 0x00000223a7535510 DEOPT PACKING pc=0x000002234aa32edc sp=0x000000a091afd310
Event: 168.298 Thread 0x00000223a7535510 DEOPT UNPACKING pc=0x0000022349ed4422 sp=0x000000a091afd308 mode 2
Event: 187.670 Thread 0x00000223a7535ba0 DEOPT PACKING pc=0x0000022343562114 sp=0x000000a091bfd220
Event: 187.670 Thread 0x00000223a7535ba0 DEOPT UNPACKING pc=0x0000022349ed4bc2 sp=0x000000a091bfc6c8 mode 0

Classes loaded (20 events):
Event: 70.481 Loading class com/mongodb/internal/connection/PowerOfTwoBufferPool$BufferPool
Event: 70.481 Loading class com/mongodb/internal/connection/PowerOfTwoBufferPool$BufferPool done
Event: 70.482 Loading class com/mongodb/internal/connection/PowerOfTwoBufferPool$BufferPool
Event: 70.482 Loading class com/mongodb/internal/connection/PowerOfTwoBufferPool$BufferPool done
Event: 70.482 Loading class com/mongodb/internal/connection/PowerOfTwoBufferPool$IdleTrackingByteBuffer
Event: 70.482 Loading class com/mongodb/internal/connection/PowerOfTwoBufferPool$IdleTrackingByteBuffer done
Event: 70.483 Loading class com/mongodb/internal/connection/PowerOfTwoBufferPool$IdleTrackingByteBuffer
Event: 70.483 Loading class com/mongodb/internal/connection/PowerOfTwoBufferPool$IdleTrackingByteBuffer done
Event: 139.848 Loading class org/springframework/web/servlet/handler/AbstractHandlerMapping$PreFlightHttpRequestHandler
Event: 139.848 Loading class org/springframework/web/servlet/handler/AbstractHandlerMapping$PreFlightHttpRequestHandler done
Event: 139.853 Loading class org/springframework/web/servlet/FrameworkServlet$1
Event: 139.853 Loading class org/springframework/web/servlet/FrameworkServlet$1 done
Event: 139.854 Loading class jakarta/servlet/http/HttpServlet$TomcatHack
Event: 139.854 Loading class jakarta/servlet/http/HttpServlet$TomcatHack done
Event: 139.857 Loading class jakarta/servlet/http/Part
Event: 139.857 Loading class jakarta/servlet/http/Part done
Event: 139.872 Loading class io/netty/buffer/PoolArena$1
Event: 139.872 Loading class io/netty/buffer/PoolArena$1 done
Event: 168.297 Loading class org/springframework/web/method/annotation/ExceptionHandlerMethodResolver$ExceptionMapping
Event: 168.297 Loading class org/springframework/web/method/annotation/ExceptionHandlerMethodResolver$ExceptionMapping done

Classes unloaded (1 events):
Event: 13.547 Thread 0x0000022358e38560 Unloading class 0x000002235b5bd000 'jdk/internal/reflect/GeneratedSerializationConstructorAccessor1'

Classes redefined (1 events):
Event: 0.222 Thread 0x0000022358e38560 redefined class name=java.lang.Throwable, count=1

Internal exceptions (20 events):
Event: 13.623 Thread 0x000002239fb03090 Exception <a 'java/lang/IncompatibleClassChangeError'{0x00000007091f2990}: Found class java.lang.Object, but interface was expected> (0x00000007091f2990) 
thrown [s\src\hotspot\share\interpreter\linkResolver.cpp, line 840]
Event: 13.783 Thread 0x000002239fb03090 Exception <a 'java/lang/NoSuchMethodError'{0x000000070863f060}: 'java.lang.Object java.lang.invoke.DirectMethodHandle$Holder.invokeSpecial(java.lang.Object, java.lang.Object, int, long)'> (0x000000070863f060) 
thrown [s\src\hotspot\share\interpreter\linkResolver.cpp, line 773]
Event: 13.996 Thread 0x000002239fb03090 Exception <a 'java/lang/NoSuchMethodError'{0x000000070823c130}: 'java.lang.Object java.lang.invoke.Invokers$Holder.linkToTargetMethod(java.lang.Object, long, java.lang.Object)'> (0x000000070823c130) 
thrown [s\src\hotspot\share\interpreter\linkResolver.cpp, line 773]
Event: 14.033 Thread 0x00000223a1036dc0 Exception <a 'java/lang/NoSuchMethodError'{0x0000000708061118}: 'java.lang.Object java.lang.invoke.DirectMethodHandle$Holder.invokeSpecial(java.lang.Object, java.lang.Object, java.lang.Object, long, long)'> (0x0000000708061118) 
thrown [s\src\hotspot\share\interpreter\linkResolver.cpp, line 773]
Event: 14.039 Thread 0x00000223a1036dc0 Exception <a 'java/lang/NoSuchMethodError'{0x000000070808bda0}: 'java.lang.Object java.lang.invoke.DirectMethodHandle$Holder.invokeSpecial(java.lang.Object, java.lang.Object, long, java.lang.Object)'> (0x000000070808bda0) 
thrown [s\src\hotspot\share\interpreter\linkResolver.cpp, line 773]
Event: 14.039 Thread 0x00000223a1036dc0 Exception <a 'java/lang/NoSuchMethodError'{0x000000070808f430}: 'java.lang.Object java.lang.invoke.Invokers$Holder.linkToTargetMethod(long, java.lang.Object, java.lang.Object)'> (0x000000070808f430) 
thrown [s\src\hotspot\share\interpreter\linkResolver.cpp, line 773]
Event: 26.609 Thread 0x00000223a7538300 Exception <a 'java/lang/NoSuchMethodError'{0x00000007075832b8}: 'java.lang.Object java.lang.invoke.DirectMethodHandle$Holder.invokeStatic(java.lang.Object, java.lang.Object, java.lang.Object, int, int)'> (0x00000007075832b8) 
thrown [s\src\hotspot\share\interpreter\linkResolver.cpp, line 773]
Event: 26.610 Thread 0x00000223a7538300 Exception <a 'java/lang/NoSuchMethodError'{0x0000000707586970}: 'java.lang.Object java.lang.invoke.DirectMethodHandle$Holder.invokeStaticInit(java.lang.Object, java.lang.Object, java.lang.Object, int, int)'> (0x0000000707586970) 
thrown [s\src\hotspot\share\interpreter\linkResolver.cpp, line 773]
Event: 26.721 Thread 0x00000223a7532090 Exception <a 'java/lang/NoSuchMethodError'{0x00000007073b11a0}: 'java.lang.Object java.lang.invoke.DirectMethodHandle$Holder.invokeSpecial(java.lang.Object, java.lang.Object, java.lang.Object, java.lang.Object, java.lang.Object, long)'> (0x00000007073b11a0) 
thrown [s\src\hotspot\share\interpreter\linkResolver.cpp, line 773]
Event: 26.721 Thread 0x00000223a7532090 Exception <a 'java/lang/NoSuchMethodError'{0x00000007073b4990}: 'java.lang.Object java.lang.invoke.Invokers$Holder.linkToTargetMethod(java.lang.Object, java.lang.Object, java.lang.Object, long, java.lang.Object)'> (0x00000007073b4990) 
thrown [s\src\hotspot\share\interpreter\linkResolver.cpp, line 773]
Event: 27.152 Thread 0x00000223a7532090 Exception <a 'java/lang/IncompatibleClassChangeError'{0x0000000706c75ed0}: Found class java.lang.Object, but interface was expected> (0x0000000706c75ed0) 
thrown [s\src\hotspot\share\interpreter\linkResolver.cpp, line 840]
Event: 27.617 Thread 0x00000223a7532090 Exception <a 'java/lang/NoSuchMethodError'{0x000000070587d190}: 'long java.lang.invoke.DelegatingMethodHandle$Holder.reinvoke_L(java.lang.Object, java.lang.Object)'> (0x000000070587d190) 
thrown [s\src\hotspot\share\interpreter\linkResolver.cpp, line 773]
Event: 27.735 Thread 0x00000223b0876690 Exception <a 'java/lang/NoSuchMethodError'{0x0000000705450cb0}: 'java.lang.Object java.lang.invoke.DirectMethodHandle$Holder.invokeStaticInit(java.lang.Object, java.lang.Object, java.lang.Object, java.lang.Object, java.lang.Object, java.lang.Object)'> (0x0000000705450cb0) 
thrown [s\src\hotspot\share\interpreter\linkResolver.cpp, line 773]
Event: 27.864 Thread 0x00000223a7532090 Exception <a 'java/lang/NoSuchMethodError'{0x000000070530ee58}: 'java.lang.Object java.lang.invoke.DirectMethodHandle$Holder.newInvokeSpecial(java.lang.Object, java.lang.Object, java.lang.Object, java.lang.Object, long)'> (0x000000070530ee58) 
thrown [s\src\hotspot\share\interpreter\linkResolver.cpp, line 773]
Event: 27.889 Thread 0x00000223a7532090 Exception <a 'java/lang/NoSuchMethodError'{0x00000007053d2018}: 'java.lang.Object java.lang.invoke.DirectMethodHandle$Holder.invokeVirtual(java.lang.Object, java.lang.Object, int)'> (0x00000007053d2018) 
thrown [s\src\hotspot\share\interpreter\linkResolver.cpp, line 773]
Event: 27.892 Thread 0x00000223a7532090 Exception <a 'java/lang/NoSuchMethodError'{0x00000007053def30}: 'java.lang.Object java.lang.invoke.DirectMethodHandle$Holder.invokeStatic(java.lang.Object, java.lang.Object, long, long, java.lang.Object)'> (0x00000007053def30) 
thrown [s\src\hotspot\share\interpreter\linkResolver.cpp, line 773]
Event: 27.893 Thread 0x00000223a7532090 Exception <a 'java/lang/NoSuchMethodError'{0x00000007053e5c48}: 'java.lang.Object java.lang.invoke.DirectMethodHandle$Holder.newInvokeSpecial(java.lang.Object, java.lang.Object, long, long)'> (0x00000007053e5c48) 
thrown [s\src\hotspot\share\interpreter\linkResolver.cpp, line 773]
Event: 27.894 Thread 0x00000223a7532090 Exception <a 'java/lang/NoSuchMethodError'{0x00000007053ed3b0}: 'java.lang.Object java.lang.invoke.DirectMethodHandle$Holder.invokeInterface(java.lang.Object, java.lang.Object, java.lang.Object, long, long)'> (0x00000007053ed3b0) 
thrown [s\src\hotspot\share\interpreter\linkResolver.cpp, line 773]
Event: 51.460 Thread 0x00000223a7532090 Exception <a 'java/lang/NoSuchMethodError'{0x0000000704ce1a48}: method resolution failed> (0x0000000704ce1a48) 
thrown [s\src\hotspot\share\prims\methodHandles.cpp, line 1136]
Event: 70.484 Thread 0x00000223a1028180 Exception <a 'java/lang/NoSuchMethodError'{0x0000000708a6d920}: 'java.lang.Object java.lang.invoke.DirectMethodHandle$Holder.newInvokeSpecial(java.lang.Object, java.lang.Object, long)'> (0x0000000708a6d920) 
thrown [s\src\hotspot\share\interpreter\linkResolver.cpp, line 773]

ZGC Phase Switch (0 events):
No events

VM Operations (20 events):
Event: 184.258 Executing VM operation: ChangeSingleStep
Event: 184.258 Executing VM operation: ChangeSingleStep done
Event: 184.258 Executing VM operation: ChangeSingleStep
Event: 184.258 Executing VM operation: ChangeSingleStep done
Event: 184.258 Executing VM operation: ChangeSingleStep
Event: 184.258 Executing VM operation: ChangeSingleStep done
Event: 184.259 Executing VM operation: ChangeSingleStep
Event: 184.259 Executing VM operation: ChangeSingleStep done
Event: 184.272 Executing VM operation: get/set locals
Event: 184.272 Executing VM operation: get/set locals done
Event: 187.669 Executing VM operation: ChangeSingleStep
Event: 187.669 Executing VM operation: ChangeSingleStep done
Event: 187.670 Executing VM operation: ChangeSingleStep
Event: 187.670 Executing VM operation: ChangeSingleStep done
Event: 188.065 Executing VM operation: get/set locals
Event: 188.065 Executing VM operation: get/set locals done
Event: 188.065 Executing VM operation: get/set locals
Event: 188.065 Executing VM operation: get/set locals done
Event: 188.067 Executing VM operation: get/set locals
Event: 188.067 Executing VM operation: get/set locals done

Memory protections (0 events):
No events

Nmethod flushes (20 events):
Event: 13.559 Thread 0x0000022358e38560 flushing  nmethod 0x0000022342a27810
Event: 13.559 Thread 0x0000022358e38560 flushing  nmethod 0x0000022342aa3810
Event: 13.559 Thread 0x0000022358e38560 flushing  nmethod 0x0000022342b3b590
Event: 13.559 Thread 0x0000022358e38560 flushing  nmethod 0x0000022342b91f10
Event: 13.559 Thread 0x0000022358e38560 flushing  nmethod 0x0000022342bd9590
Event: 13.559 Thread 0x0000022358e38560 flushing  nmethod 0x0000022342c48f90
Event: 13.559 Thread 0x0000022358e38560 flushing  nmethod 0x0000022342da4690
Event: 13.559 Thread 0x0000022358e38560 flushing  nmethod 0x0000022342da4d10
Event: 13.559 Thread 0x0000022358e38560 flushing  nmethod 0x0000022342dab190
Event: 13.559 Thread 0x0000022358e38560 flushing  nmethod 0x0000022342e99c90
Event: 13.559 Thread 0x0000022358e38560 flushing  nmethod 0x0000022342e9c110
Event: 13.559 Thread 0x0000022358e38560 flushing  nmethod 0x0000022342e9c510
Event: 13.559 Thread 0x0000022358e38560 flushing  nmethod 0x0000022342ec6990
Event: 13.559 Thread 0x0000022358e38560 flushing  nmethod 0x0000022342ed5890
Event: 13.559 Thread 0x0000022358e38560 flushing  nmethod 0x0000022342f1de10
Event: 13.559 Thread 0x0000022358e38560 flushing  nmethod 0x0000022342feb790
Event: 13.559 Thread 0x0000022358e38560 flushing  nmethod 0x000002234306a310
Event: 13.559 Thread 0x0000022358e38560 flushing  nmethod 0x000002234318a010
Event: 13.559 Thread 0x0000022358e38560 flushing  nmethod 0x0000022343254c90
Event: 13.559 Thread 0x0000022358e38560 flushing  nmethod 0x000002234343c590

Events (20 events):
Event: 110.948 Thread 0x00000223a5f496b0 Thread exited: 0x00000223a5f496b0
Event: 110.948 Thread 0x00000223a5f43440 Thread exited: 0x00000223a5f43440
Event: 110.948 Thread 0x00000223a5f42db0 Thread added: 0x00000223a5f43440
Event: 110.948 Thread 0x00000223a5f46f50 Thread added: 0x00000223a5f468c0
Event: 110.948 Thread 0x00000223a5f43ad0 Thread exited: 0x00000223a5f43ad0
Event: 110.948 Thread 0x00000223a7539d40 Thread added: 0x00000223a5f49020
Event: 110.948 Thread 0x00000223a5f48300 Thread exited: 0x00000223a5f48300
Event: 168.146 Thread 0x00000223a7539d40 Thread added: 0x00000223a5f44160
Event: 168.146 Thread 0x00000223a7539d40 Thread added: 0x00000223a5f496b0
Event: 168.146 Thread 0x00000223a7539d40 Thread added: 0x00000223a5f43ad0
Event: 168.146 Thread 0x00000223a7539d40 Thread added: 0x00000223a5f447f0
Event: 168.149 Thread 0x00000223a7539d40 Thread added: 0x00000223a5f44e80
Event: 168.151 Thread 0x00000223a5f42db0 Thread exited: 0x00000223a5f42db0
Event: 168.151 Thread 0x00000223a5f46f50 Thread exited: 0x00000223a5f46f50
Event: 168.151 Thread 0x00000223a5f43440 Thread exited: 0x00000223a5f43440
Event: 168.151 Thread 0x00000223a5f468c0 Thread exited: 0x00000223a5f468c0
Event: 168.151 Thread 0x00000223a5f49020 Thread exited: 0x00000223a5f49020
Event: 168.153 Thread 0x00000223a5f44160 Thread added: 0x00000223a5f45510
Event: 168.197 Thread 0x0000022358e5c640 Thread added: 0x00000223b1034150
Event: 168.499 Thread 0x00000223b1034150 Thread exited: 0x00000223b1034150


Dynamic libraries:
0x00007ff6a7aa0000 - 0x00007ff6a7aae000 	C:\Users\admin\.jdks\ms-21.0.9\bin\java.exe
0x00007ffc6e570000 - 0x00007ffc6e768000 	C:\Windows\SYSTEM32\ntdll.dll
0x00007ffc6d0e0000 - 0x00007ffc6d1a2000 	C:\Windows\System32\KERNEL32.DLL
0x00007ffc6c050000 - 0x00007ffc6c346000 	C:\Windows\System32\KERNELBASE.dll
0x00007ffc6bd30000 - 0x00007ffc6be30000 	C:\Windows\System32\ucrtbase.dll
0x00007ffc5fe80000 - 0x00007ffc5fe98000 	C:\Users\admin\.jdks\ms-21.0.9\bin\jli.dll
0x00007ffc690a0000 - 0x00007ffc690be000 	C:\Users\admin\.jdks\ms-21.0.9\bin\VCRUNTIME140.dll
0x00007ffc6d3a0000 - 0x00007ffc6d541000 	C:\Windows\System32\USER32.dll
0x00007ffc6c020000 - 0x00007ffc6c042000 	C:\Windows\System32\win32u.dll
0x00007ffc6c690000 - 0x00007ffc6c6bb000 	C:\Windows\System32\GDI32.dll
0x00007ffc59390000 - 0x00007ffc5962b000 	C:\Windows\WinSxS\amd64_microsoft.windows.common-controls_6595b64144ccf1df_6.0.19041.6456_none_60b8a6cb71f64256\COMCTL32.dll
0x00007ffc6c590000 - 0x00007ffc6c62e000 	C:\Windows\System32\msvcrt.dll
0x00007ffc6c470000 - 0x00007ffc6c589000 	C:\Windows\System32\gdi32full.dll
0x00007ffc6c380000 - 0x00007ffc6c41d000 	C:\Windows\System32\msvcp_win.dll
0x00007ffc6e2a0000 - 0x00007ffc6e2cf000 	C:\Windows\System32\IMM32.DLL
0x00007ffc688d0000 - 0x00007ffc688dc000 	C:\Users\admin\.jdks\ms-21.0.9\bin\vcruntime140_1.dll
0x00007ffc4ed10000 - 0x00007ffc4ed99000 	C:\Users\admin\.jdks\ms-21.0.9\bin\msvcp140.dll
0x00007ffbf9290000 - 0x00007ffbfa03d000 	C:\Users\admin\.jdks\ms-21.0.9\bin\server\jvm.dll
0x00007ffc6c920000 - 0x00007ffc6c9d1000 	C:\Windows\System32\ADVAPI32.dll
0x00007ffc6e200000 - 0x00007ffc6e29f000 	C:\Windows\System32\sechost.dll
0x00007ffc6e410000 - 0x00007ffc6e530000 	C:\Windows\System32\RPCRT4.dll
0x00007ffc6c350000 - 0x00007ffc6c377000 	C:\Windows\System32\bcrypt.dll
0x00007ffc6d620000 - 0x00007ffc6d68b000 	C:\Windows\System32\WS2_32.dll
0x00007ffc6b770000 - 0x00007ffc6b7bb000 	C:\Windows\SYSTEM32\POWRPROF.dll
0x00007ffc625c0000 - 0x00007ffc625e7000 	C:\Windows\SYSTEM32\WINMM.dll
0x00007ffc65720000 - 0x00007ffc6572a000 	C:\Windows\SYSTEM32\VERSION.dll
0x00007ffc6b660000 - 0x00007ffc6b672000 	C:\Windows\SYSTEM32\UMPDC.dll
0x00007ffc69a90000 - 0x00007ffc69aa2000 	C:\Windows\SYSTEM32\kernel.appcore.dll
0x00007ffc66e70000 - 0x00007ffc66e7a000 	C:\Users\admin\.jdks\ms-21.0.9\bin\jimage.dll
0x00007ffc61370000 - 0x00007ffc61571000 	C:\Windows\SYSTEM32\DBGHELP.DLL
0x00007ffc4f510000 - 0x00007ffc4f544000 	C:\Windows\SYSTEM32\dbgcore.DLL
0x00007ffc6bf90000 - 0x00007ffc6c012000 	C:\Windows\System32\bcryptPrimitives.dll
0x00007ffc5b970000 - 0x00007ffc5b9ac000 	C:\Users\admin\.jdks\ms-21.0.9\bin\jdwp.dll
0x00007ffc64c90000 - 0x00007ffc64ca0000 	C:\Users\admin\.jdks\ms-21.0.9\bin\instrument.dll
0x00007ffc5fe50000 - 0x00007ffc5fe71000 	C:\Users\admin\.jdks\ms-21.0.9\bin\java.dll
0x00007ffc5f890000 - 0x00007ffc5f8a8000 	C:\Users\admin\.jdks\ms-21.0.9\bin\zip.dll
0x00007ffc6da90000 - 0x00007ffc6e200000 	C:\Windows\System32\SHELL32.dll
0x00007ffc69c90000 - 0x00007ffc6a435000 	C:\Windows\SYSTEM32\windows.storage.dll
0x00007ffc6d730000 - 0x00007ffc6da84000 	C:\Windows\System32\combase.dll
0x00007ffc6b5c0000 - 0x00007ffc6b5eb000 	C:\Windows\SYSTEM32\Wldp.dll
0x00007ffc6ca70000 - 0x00007ffc6cb3d000 	C:\Windows\System32\OLEAUT32.dll
0x00007ffc6c6c0000 - 0x00007ffc6c76d000 	C:\Windows\System32\SHCORE.dll
0x00007ffc6d5b0000 - 0x00007ffc6d60b000 	C:\Windows\System32\shlwapi.dll
0x00007ffc6bb30000 - 0x00007ffc6bb54000 	C:\Windows\SYSTEM32\profapi.dll
0x00007ffc48ab0000 - 0x00007ffc48b86000 	C:\Users\admin\.jdks\ms-21.0.9\bin\jsvml.dll
0x00007ffc5b960000 - 0x00007ffc5b96c000 	C:\Users\admin\.jdks\ms-21.0.9\bin\dt_socket.dll
0x00007ffc6af90000 - 0x00007ffc6afcb000 	C:\Windows\SYSTEM32\IPHLPAPI.DLL
0x00007ffc6b2b0000 - 0x00007ffc6b31a000 	C:\Windows\system32\mswsock.dll
0x00007ffc5b280000 - 0x00007ffc5b291000 	C:\Users\admin\.jdks\ms-21.0.9\bin\net.dll
0x00007ffc65d00000 - 0x00007ffc65e0a000 	C:\Windows\SYSTEM32\WINHTTP.dll
0x00007ffc5b260000 - 0x00007ffc5b276000 	C:\Users\admin\.jdks\ms-21.0.9\bin\nio.dll
0x00007ffc5ae20000 - 0x00007ffc5ae2a000 	C:\Users\admin\.jdks\ms-21.0.9\bin\management.dll
0x00007ffc5ae00000 - 0x00007ffc5ae0c000 	C:\Users\admin\.jdks\ms-21.0.9\bin\management_ext.dll
0x00007ffc6d1c0000 - 0x00007ffc6d1c8000 	C:\Windows\System32\PSAPI.DLL
0x00007ffc5b250000 - 0x00007ffc5b25e000 	C:\Users\admin\.jdks\ms-21.0.9\bin\sunmscapi.dll
0x00007ffc6be30000 - 0x00007ffc6bf8d000 	C:\Windows\System32\CRYPT32.dll
0x00007ffc6b630000 - 0x00007ffc6b657000 	C:\Windows\SYSTEM32\ncrypt.dll
0x00007ffc6b5f0000 - 0x00007ffc6b62b000 	C:\Windows\SYSTEM32\NTASN1.dll
0x00007ffc6b4a0000 - 0x00007ffc6b4b8000 	C:\Windows\SYSTEM32\CRYPTSP.dll
0x00007ffc6abd0000 - 0x00007ffc6ac08000 	C:\Windows\system32\rsaenh.dll
0x00007ffc6bab0000 - 0x00007ffc6bade000 	C:\Windows\SYSTEM32\USERENV.dll
0x00007ffc6b4c0000 - 0x00007ffc6b4cc000 	C:\Windows\SYSTEM32\CRYPTBASE.dll
0x00007ffc6d1b0000 - 0x00007ffc6d1b8000 	C:\Windows\System32\NSI.dll
0x00007ffc6afd0000 - 0x00007ffc6b09a000 	C:\Windows\SYSTEM32\DNSAPI.dll
0x00007ffc63360000 - 0x00007ffc6336a000 	C:\Windows\System32\rasadhlp.dll
0x00007ffc657c0000 - 0x00007ffc65840000 	C:\Windows\System32\fwpuclnt.dll
0x00007ffc5b240000 - 0x00007ffc5b249000 	C:\Users\admin\.jdks\ms-21.0.9\bin\extnet.dll
0x00007ffc483d0000 - 0x00007ffc483d7000 	C:\Windows\system32\wshunix.dll
0x00007ffc4cc10000 - 0x00007ffc4cc27000 	C:\Windows\system32\napinsp.dll
0x00007ffc4cbf0000 - 0x00007ffc4cc0b000 	C:\Windows\system32\pnrpnsp.dll
0x00007ffc4cbd0000 - 0x00007ffc4cbed000 	C:\Windows\system32\wshbth.dll
0x00007ffc68890000 - 0x00007ffc688ad000 	C:\Windows\system32\NLAapi.dll
0x00007ffc4cb70000 - 0x00007ffc4cb82000 	C:\Windows\System32\winrnr.dll

JVMTI agents:
jdwp path:C:\Users\admin\.jdks\ms-21.0.9\bin\jdwp.dll, loaded, initialized, options:transport=dt_socket,address=127.0.0.1:51113,suspend=y,server=n
C:\Users\admin\AppData\Local\JetBrains\IdeaIC2025.1\captureAgent\debugger-agent.jar path:C:\Users\admin\.jdks\ms-21.0.9\bin\instrument.dll, loaded, initialized, instrumentlib options:file:///C:/Users/admin/AppData/Local/Temp/capture17811967332882538027.props

dbghelp: loaded successfully - version: 4.0.5 - missing functions: none
symbol engine: initialized successfully - sym options: 0x614 - pdb path: .;C:\Users\admin\.jdks\ms-21.0.9\bin;C:\Windows\SYSTEM32;C:\Windows\WinSxS\amd64_microsoft.windows.common-controls_6595b64144ccf1df_6.0.19041.6456_none_60b8a6cb71f64256;C:\Users\admin\.jdks\ms-21.0.9\bin\server

VM Arguments:
jvm_args: -agentlib:jdwp=transport=dt_socket,address=127.0.0.1:51113,suspend=y,server=n -javaagent:C:\Users\admin\AppData\Local\JetBrains\IdeaIC2025.1\captureAgent\debugger-agent.jar=file:///C:/Users/admin/AppData/Local/Temp/capture17811967332882538027.props -Dkotlinx.coroutines.debug.enable.creation.stack.trace=false -Ddebugger.agent.enable.coroutines=true -Dkotlinx.coroutines.debug.enable.flows.stack.trace=true -Dkotlinx.coroutines.debug.enable.mutable.state.flows.stack.trace=true -Dfile.encoding=UTF-8 -Dsun.stdout.encoding=UTF-8 -Dsun.stderr.encoding=UTF-8 
java_command: com.example.app.App
java_class_path (initial): D:\SilaHub\backEnd\silahub-backend-v02\advertisement_app\App\target\classes;D:\SilaHub\backEnd\silahub-backend-v02\advertisement_app\Test\target\classes;C:\Users\admin\.m2\repository\org\springframework\boot\spring-boot-starter-data-jpa\3.5.7\spring-boot-starter-data-jpa-3.5.7.jar;C:\Users\admin\.m2\repository\org\springframework\boot\spring-boot-starter-jdbc\3.5.7\spring-boot-starter-jdbc-3.5.7.jar;C:\Users\admin\.m2\repository\com\zaxxer\HikariCP\6.3.3\HikariCP-6.3.3.jar;C:\Users\admin\.m2\repository\org\springframework\spring-jdbc\6.2.12\spring-jdbc-6.2.12.jar;C:\Users\admin\.m2\repository\org\springframework\data\spring-data-jpa\3.5.5\spring-data-jpa-3.5.5.jar;C:\Users\admin\.m2\repository\org\springframework\data\spring-data-commons\3.5.5\spring-data-commons-3.5.5.jar;C:\Users\admin\.m2\repository\org\springframework\spring-orm\6.2.12\spring-orm-6.2.12.jar;C:\Users\admin\.m2\repository\org\springframework\spring-tx\6.2.12\spring-tx-6.2.12.jar;C:\Users\admin\.m2\repository\org\slf4j\slf4j-api\2.0.17\slf4j-api-2.0.17.jar;C:\Users\admin\.m2\repository\org\springframework\spring-aspects\6.2.12\spring-aspects-6.2.12.jar;C:\Users\admin\.m2\repository\org\aspectj\aspectjweaver\1.9.24\aspectjweaver-1.9.24.jar;C:\Users\admin\.m2\repository\org\postgresql\postgresql\42.7.8\postgresql-42.7.8.jar;C:\Users\admin\.m2\repository\org\checkerframework\checker-qual\3.49.5\checker-qual-3.49.5.jar;C:\Users\admin\.m2\repository\org\springframework\spring-web\6.2.12\spring-web-6.2.12.jar;C:\Users\admin\.m2\repository\org\springframework\spring-beans\6.2.12\spring-beans-6.2.12.jar;C:\Users\admin\.m2\repository\org\projectlombok\lombok\1.18.42\lombok-1.18.42.jar;C:\Users\admin\.m2\repository\io\hypersistence\hypersistence-utils-hibernate-63\3.13.1\hypersistence-utils-hibernate-63-3.13.1.jar;C:\Users\admin\.m2\repository\jakarta\xml\bind\jakarta.xml.bind-api\4.0.4\jakarta.xml.bind-api-4.0.4.jar;C:\Users\admin\.m2\repository\jakarta\activation\jakarta.activation-api\2.1.4\jakarta.activation-api-2.1.4.jar;C:\Users\admin\.m2\repository\io\hypersistence\hypersistence-tsid\2.1.4\hypersistence-tsid-2.1.4.jar;C:\Users\admin\.m2\repository\org\springframework\boot\spring-boot-starter-activemq\3.5.7\spring-boot-starter-activemq-3.5.7.jar;C:\Users\admin\.m2\repository\org\springframework\spring-jms\6.2.12\spring-jms-6.2.12.jar;C:\Users\admin\.m2\repository\org\springframework\spring-messaging\6.2.12\spring-messaging-6.2.12.jar;C:\Users\admin\.m2\repository\org\apache\activemq\activemq-client\6.1.8\activemq-client-6.1.8.jar;C:\Users\admin\.m2\repository\jakarta\jms\jakarta.jms-api\3.1.0\jakarta.jms-api-3.1.0.jar;C:\Users\admin\.m2\repository\org\fusesource\hawtbuf\hawtbuf\1.11\hawtbuf-1.11.jar;C:\Users\admin\.m2\repository\org\apache\activemq\activemq-broker\6.1.8\activemq-broker-6.1.8.jar;C:\Users\admin\.m2\repository\org\apache\activemq\activemq-openwire-legacy\6.1.8\activemq-openwire-legacy-6.1.8.jar;C:\Users\admin\.m2\repository\org\springframework\boot\spring-boot-actuator\3.5.7\spring-boot-actuator-3.5.7.jar;C:\Users\admin\.m2\repository\org\springframework\boot\spring-boot-starter-test\3.5.7\spring-boot-starter-test-3.5.7.jar;C:\Users\admin\.m2\repository\org\springframework\boot\spring-boot-test\3.5.7\spring-boot-test-3.5.7.jar;C:\Users\admin\.m2\repository\org\springframework\boot\spring-boot-test-autoconfigure\3.5.7\spring-boot-test-autoconfigure-3.5.7.jar;C:\Users\admin\.m2\repository\com\jayway\jsonpath\json-path\2.9.0\json-path-2.9.0.jar;C:\Users\admin\.m2\repository\net\minidev\json-smart\2.5.2\json-smart-2.5.2.jar;C:\Users\admin\.m2\repository\net\minidev\accessors-smart\2.5.2\accessors-smart-2.5.2.jar;C:\Users\admin\.m2\repository\org\ow2\asm\asm\9.7.1\asm-9.7.1.jar;C:\Users\admin\.m2\repository\org\assertj\assertj-core\3.27.6\assertj-core-3.27.6.jar;C:\Users\admin\.m2\repository\org\awaitility\awaitility\4.2.2\awaitility-4.2.2.jar;C:\Users\admin\.m2\repository\org\hamcrest\hamcrest\3.0\hamcrest-3.0.jar;C:\Users\admin\.m2\repository\org\junit\jupiter\junit-jupiter\5.12.2\junit-jupiter-5.12.2.jar;C:\Users\admin\.m2\repository\org\junit\jupiter\junit-jupiter-api\5.12.2\junit-jupiter-api-5.12.2.jar;C:\Users\admin\.m2\repository\org\opentest4j\opentest4j\1.3.0\opentest4j-1.3.0.jar;C:\Users\admin\.m2\repository\org\junit\platform\junit-platform-commons\1.12.2\junit-platform-commons-1.12.2.jar;C:\Users\admin\.m2\repository\org\apiguardian\apiguardian-api\1.1.2\apiguardian-api-1.1.2.jar;C:\Users\admin\.m2\repository\org\junit\jupiter\junit-jupiter-params\5.12.2\junit-jupiter-params-5.12.2.jar;C:\Users\admin\.m2\repository\org\junit\jupiter\junit-jupiter-engine\5.12.2\junit-jupiter-engine-5.12.2.jar;C:\Users\admin\.m2\repository\org\junit\platform\junit-platform-engine\1.12.2\junit-platform-engine-1.12.2.jar;C:\Users\admin\.m2\repository\org\mockito\mockito-core\5.17.0\mockito-core-5.17.0.jar;C:\Users\admin\.m2\repository\net\bytebuddy\byte-buddy-agent\1.17.8\byte-buddy-agent-1.17.8.jar;C:\Users\admin\.m2\repository\org\objenesis\objenesis\3.3\objenesis-3.3.jar;C:\Users\admin\.m2\repository\org\mockito\mockito-junit-jupiter\5.17.0\mockito-junit-jupiter-5.17.0.jar;C:\Users\admin\.m2\repository\org\skyscreamer\jsonassert\1.5.3\jsonassert-1.5.3.jar;C:\Users\admin\.m2\repository\com\vaadin\external\google\android-json\0.0.20131108.vaadin1\android-json-0.0.20131108.vaadin1.jar;C:\Users\admin\.m2\repository\org\springframework\spring-test\6.2.12\spring-test-6.2.12.jar;C:\Users\admin\.m2\repository\org\xmlunit\xmlunit-core\2.10.4\xmlunit-core-2.10.4.jar;C:\Users\admin\.m2\repository\org\springframework\boot\spring-boot-starter-data-mongodb\3.5.7\spring-boot-starter-data-mongodb-3.5.7.jar;C:\Users\admin\.m2\repository\org\mongodb\mongodb-driver-sync\5.5.2\mongodb-driver-sync-5.5.2.jar;C:\Users\admin\.m2\repository\org\mongodb\bson\5.5.2\bson-5.5.2.jar;C:\Users\admin\.m2\repository\org\mongodb\mongodb-driver-core\5.5.2\mongodb-driver-core-5.5.2.jar;C:\Users\admin\.m2\repository\org\mongodb\bson-record-codec\5.5.2\bson-record-codec-5.5.2.jar;C:\Users\admin\.m2\repository\org\springframework\data\spring-data-mongodb\4.5.5\spring-data-mongodb-4.5.5.jar;D:\SilaHub\backEnd\silahub-backend-v02\advertisement_app\Post\target\classes;D:\SilaHub\backEnd\silahub-backend-v02\advertisement_app\Shared\target\classes;C:\Users\admin\.m2\repository\org\springframework\boot\spring-boot-starter-validation\3.5.7\spring-boot-starter-validation-3.5.7.jar;C:\Users\admin\.m2\repository\org\apache\tomcat\embed\tomcat-embed-el\10.1.48\tomcat-embed-el-10.1.48.jar;C:\Users\admin\.m2\repository\org\hibernate\validator\hibernate-validator\8.0.3.Final\hibernate-validator-8.0.3.Final.jar;C:\Users\admin\.m2\repository\jakarta\validation\jakarta.validation-api\3.0.2\jakarta.validation-api-3.0.2.jar;D:\SilaHub\backEnd\silahub-backend-v02\advertisement_app\UserAdmin\target\classes;C:\Users\admin\.m2\repository\org\hibernate\orm\hibernate-core\6.6.33.Final\hibernate-core-6.6.33.Final.jar;C:\Users\admin\.m2\repository\jakarta\persistence\jakarta.persistence-api\3.1.0\jakarta.persistence-api-3.1.0.jar;C:\Users\admin\.m2\repository\jakarta\transaction\jakarta.transaction-api\2.0.1\jakarta.transaction-api-2.0.1.jar;C:\Users\admin\.m2\repository\org\jboss\logging\jboss-logging\3.6.1.Final\jboss-logging-3.6.1.Final.jar;C:\Users\admin\.m2\repository\org\hibernate\common\hibernate-commons-annotations\7.0.3.Final\hibernate-commons-annotations-7.0.3.Final.jar;C:\Users\admin\.m2\repository\io\smallrye\jandex\3.2.0\jandex-3.2.0.jar;C:\Users\admin\.m2\repository\com\fasterxml\classmate\1.7.1\classmate-1.7.1.jar;C:\Users\admin\.m2\repository\net\bytebuddy\byte-buddy\1.17.8\byte-buddy-1.17.8.jar;C:\Users\admin\.m2\repository\org\glassfish\jaxb\jaxb-runtime\4.0.6\jaxb-runtime-4.0.6.jar;C:\Users\admin\.m2\repository\org\glassfish\jaxb\jaxb-core\4.0.6\jaxb-core-4.0.6.jar;C:\Users\admin\.m2\repository\org\eclipse\angus\angus-activation\2.0.3\angus-activation-2.0.3.jar;C:\Users\admin\.m2\repository\org\glassfish\jaxb\txw2\4.0.6\txw2-4.0.6.jar;C:\Users\admin\.m2\repository\com\sun\istack\istack-commons-runtime\4.1.2\istack-commons-runtime-4.1.2.jar;C:\Users\admin\.m2\repository\jakarta\inject\jakarta.inject-api\2.0.1\jakarta.inject-api-2.0.1.jar;C:\Users\admin\.m2\repository\org\antlr\antlr4-runtime\4.13.0\antlr4-runtime-4.13.0.jar;C:\Users\admin\.m2\repository\org\springframework\boot\spring-boot-starter-thymeleaf\3.5.7\spring-boot-starter-thymeleaf-3.5.7.jar;C:\Users\admin\.m2\repository\org\thymeleaf\thymeleaf-spring6\3.1.3.RELEASE\thymeleaf-spring6-3.1.3.RELEASE.jar;C:\Users\admin\.m2\repository\org\thymeleaf\thymeleaf\3.1.3.RELEASE\thymeleaf-3.1.3.RELEASE.jar;C:\Users\admin\.m2\repository\org\attoparser\attoparser\2.0.7.RELEASE\attoparser-2.0.7.RELEASE.jar;C:\Users\admin\.m2\repository\org\unbescape\unbescape\1.1.6.RELEASE\unbescape-1.1.6.RELEASE.jar;D:\SilaHub\backEnd\silahub-backend-v02\advertisement_app\Feed\target\classes;C:\Users\admin\.m2\repository\org\springframework\boot\spring-boot-starter-data-redis\3.5.7\spring-boot-starter-data-redis-3.5.7.jar;C:\Users\admin\.m2\repository\io\lettuce\lettuce-core\6.6.0.RELEASE\lettuce-core-6.6.0.RELEASE.jar;C:\Users\admin\.m2\repository\redis\clients\authentication\redis-authx-core\0.1.1-beta2\redis-authx-core-0.1.1-beta2.jar;C:\Users\admin\.m2\repository\io\netty\netty-common\4.1.128.Final\netty-common-4.1.128.Final.jar;C:\Users\admin\.m2\repository\io\netty\netty-handler\4.1.128.Final\netty-handler-4.1.128.Final.jar;C:\Users\admin\.m2\repository\io\netty\netty-resolver\4.1.128.Final\netty-resolver-4.1.128.Final.jar;C:\Users\admin\.m2\repository\io\netty\netty-buffer\4.1.128.Final\netty-buffer-4.1.128.Final.jar;C:\Users\admin\.m2\repository\io\netty\netty-transport-native-unix-common\4.1.128.Final\netty-transport-native-unix-common-4.1.128.Final.jar;C:\Users\admin\.m2\repository\io\netty\netty-codec\4.1.128.Final\netty-codec-4.1.128.Final.jar;C:\Users\admin\.m2\repository\io\netty\netty-transport\4.1.128.Final\netty-transport-4.1.128.Final.jar;C:\Users\admin\.m2\repository\io\projectreactor\reactor-core\3.7.12\reactor-core-3.7.12.jar;C:\Users\admin\.m2\repository\org\reactivestreams\reactive-streams\1.0.4\reactive-streams-1.0.4.jar;C:\Users\admin\.m2\repository\org\springframework\data\spring-data-redis\3.5.5\spring-data-redis-3.5.5.jar;C:\Users\admin\.m2\repository\org\springframework\data\spring-data-keyvalue\3.5.5\spring-data-keyvalue-3.5.5.jar;C:\Users\admin\.m2\repository\org\springframework\spring-oxm\6.2.12\spring-oxm-6.2.12.jar;C:\Users\admin\.m2\repository\org\springframework\spring-context-support\6.2.12\spring-context-support-6.2.12.jar;D:\SilaHub\backEnd\silahub-backend-v02\advertisement_app\Scoring\target\classes;D:\SilaHub\backEnd\silahub-backend-v02\advertisement_app\Interaction\target\classes;C:\Users\admin\.m2\repository\com\fasterxml\jackson\core\jackson-databind\2.19.2\jackson-databind-2.19.2.jar;C:\Users\admin\.m2\repository\com\fasterxml\jackson\core\jackson-annotations\2.19.2\jackson-annotations-2.19.2.jar;C:\Users\admin\.m2\repository\com\fasterxml\jackson\core\jackson-core\2.19.2\jackson-core-2.19.2.jar;C:\Users\admin\.m2\repository\org\springframework\boot\spring-boot-starter-web\3.5.7\spring-boot-starter-web-3.5.7.jar;C:\Users\admin\.m2\repository\org\springframework\boot\spring-boot-starter-json\3.5.7\spring-boot-starter-json-3.5.7.jar;C:\Users\admin\.m2\repository\com\fasterxml\jackson\datatype\jackson-datatype-jdk8\2.19.2\jackson-datatype-jdk8-2.19.2.jar;C:\Users\admin\.m2\repository\com\fasterxml\jackson\datatype\jackson-datatype-jsr310\2.19.2\jackson-datatype-jsr310-2.19.2.jar;C:\Users\admin\.m2\repository\com\fasterxml\jackson\module\jackson-module-parameter-names\2.19.2\jackson-module-parameter-names-2.19.2.jar;C:\Users\admin\.m2\repository\org\springframework\boot\spring-boot-starter-tomcat\3.5.7\spring-boot-starter-tomcat-3.5.7.jar;C:\Users\admin\.m2\repository\org\apache\tomcat\embed\tomcat-embed-core\10.1.48\tomcat-embed-core-10.1.48.jar;C:\Users\admin\.m2\repository\org\apache\tomcat\embed\tomcat-embed-websocket\10.1.48\tomcat-embed-websocket-10.1.48.jar;C:\Users\admin\.m2\repository\org\springframework\spring-webmvc\6.2.12\spring-webmvc-6.2.12.jar;C:\Users\admin\.m2\repository\org\springframework\spring-aop\6.2.12\spring-aop-6.2.12.jar;C:\Users\admin\.m2\repository\org\springframework\spring-context\6.2.12\spring-context-6.2.12.jar;C:\Users\admin\.m2\repository\org\springframework\spring-expression\6.2.12\spring-expression-6.2.12.jar;C:\Users\admin\.m2\repository\org\springframework\boot\spring-boot-starter-actuator\3.5.7\spring-boot-starter-actuator-3.5.7.jar;C:\Users\admin\.m2\repository\org\springframework\boot\spring-boot-actuator-autoconfigure\3.5.7\spring-boot-actuator-autoconfigure-3.5.7.jar;C:\Users\admin\.m2\repository\io\micrometer\micrometer-observation\1.15.5\micrometer-observation-1.15.5.jar;C:\Users\admin\.m2\repository\io\micrometer\micrometer-commons\1.15.5\micrometer-commons-1.15.5.jar;C:\Users\admin\.m2\repository\io\micrometer\micrometer-jakarta9\1.15.5\micrometer-jakarta9-1.15.5.jar;C:\Users\admin\.m2\repository\io\micrometer\micrometer-core\1.15.5\micrometer-core-1.15.5.jar;C:\Users\admin\.m2\repository\org\hdrhistogram\HdrHistogram\2.2.2\HdrHistogram-2.2.2.jar;C:\Users\admin\.m2\repository\org\latencyutils\LatencyUtils\2.0.3\LatencyUtils-2.0.3.jar;C:\Users\admin\.m2\repository\org\springframework\boot\spring-boot-devtools\3.5.7\spring-boot-devtools-3.5.7.jar;C:\Users\admin\.m2\repository\org\springframework\boot\spring-boot\3.5.7\spring-boot-3.5.7.jar;C:\Users\admin\.m2\repository\org\springframework\boot\spring-boot-autoconfigure\3.5.7\spring-boot-autoconfigure-3.5.7.jar;C:\Users\admin\.m2\repository\org\springframework\boot\spring-boot-starter\3.5.7\spring-boot-starter-3.5.7.jar;C:\Users\admin\.m2\repository\org\springframework\boot\spring-boot-starter-logging\3.5.7\spring-boot-starter-logging-3.5.7.jar;C:\Users\admin\.m2\repository\ch\qos\logback\logback-classic\1.5.20\logback-classic-1.5.20.jar;C:\Users\admin\.m2\repository\ch\qos\logback\logback-core\1.5.20\logback-core-1.5.20.jar;C:\Users\admin\.m2\repository\org\apache\logging\log4j\log4j-to-slf4j\2.24.3\log4j-to-slf4j-2.24.3.jar;C:\Users\admin\.m2\repository\org\apache\logging\log4j\log4j-api\2.24.3\log4j-api-2.24.3.jar;C:\Users\admin\.m2\repository\org\slf4j\jul-to-slf4j\2.0.17\jul-to-slf4j-2.0.17.jar;C:\Users\admin\.m2\repository\jakarta\annotation\jakarta.annotation-api\2.1.1\jakarta.annotation-api-2.1.1.jar;C:\Users\admin\.m2\repository\org\springframework\spring-core\6.2.12\spring-core-6.2.12.jar;C:\Users\admin\.m2\repository\org\springframework\spring-jcl\6.2.12\spring-jcl-6.2.12.jar;C:\Users\admin\.m2\repository\org\yaml\snakeyaml\2.4\snakeyaml-2.4.jar;C:\Program Files\JetBrains\IntelliJ IDEA Community Edition 2025.1.1.1\lib\idea_rt.jar
Launcher Type: SUN_STANDARD

[Global flags]
     intx CICompilerCount                          = 3                                         {product} {ergonomic}
     uint ConcGCThreads                            = 2                                         {product} {ergonomic}
     uint G1ConcRefinementThreads                  = 6                                         {product} {ergonomic}
   size_t G1HeapRegionSize                         = 2097152                                   {product} {ergonomic}
    uintx GCDrainStackTargetSize                   = 64                                        {product} {ergonomic}
   size_t InitialHeapSize                          = 268435456                                 {product} {ergonomic}
   size_t MarkStackSize                            = 4194304                                   {product} {ergonomic}
   size_t MaxHeapSize                              = 4284481536                                {product} {ergonomic}
   size_t MaxNewSize                               = 2569011200                                {product} {ergonomic}
   size_t MinHeapDeltaBytes                        = 2097152                                   {product} {ergonomic}
   size_t MinHeapSize                              = 8388608                                   {product} {ergonomic}
    uintx NonNMethodCodeHeapSize                   = 5832780                                {pd product} {ergonomic}
    uintx NonProfiledCodeHeapSize                  = 122912730                              {pd product} {ergonomic}
    uintx ProfiledCodeHeapSize                     = 122912730                              {pd product} {ergonomic}
    uintx ReservedCodeCacheSize                    = 251658240                              {pd product} {ergonomic}
     bool SegmentedCodeCache                       = true                                      {product} {ergonomic}
   size_t SoftMaxHeapSize                          = 4284481536                             {manageable} {ergonomic}
     bool UseCompressedOops                        = true                           {product lp64_product} {ergonomic}
     bool UseG1GC                                  = true                                      {product} {ergonomic}
     bool UseLargePagesIndividualAllocation        = false                                  {pd product} {ergonomic}

Logging:
Log output configuration:
 #0: stdout all=warning uptime,level,tags foldmultilines=false
 #1: stderr all=off uptime,level,tags foldmultilines=false

Release file:
IMPLEMENTOR="Microsoft" 
IMPLEMENTOR_VERSION="Microsoft-12574459" 
JAVA_RUNTIME_VERSION="21.0.9+10-LTS" 
JAVA_VERSION="21.0.9" 
JAVA_VERSION_DATE="2025-10-21" 
LIBC="default" 
MODULES="java.base java.compiler java.datatransfer java.xml java.prefs java.desktop java.instrument java.logging java.management java.security.sasl java.naming java.rmi java.management.rmi java.net.http java.scripting java.security.jgss java.transaction.xa java.sql java.sql.rowset java.xml.crypto java.se java.smartcardio jdk.accessibility jdk.internal.jvmstat jdk.attach jdk.charsets jdk.internal.opt jdk.zipfs jdk.compiler jdk.crypto.ec jdk.crypto.cryptoki jdk.crypto.mscapi jdk.dynalink jdk.internal.ed jdk.editpad jdk.hotspot.agent jdk.httpserver jdk.incubator.vector jdk.internal.le jdk.internal.vm.ci jdk.internal.vm.compiler jdk.internal.vm.compiler.management jdk.jartool jdk.javadoc jdk.jcmd jdk.management jdk.management.agent jdk.jconsole jdk.jdeps jdk.jdwp.agent jdk.jdi jdk.jfr jdk.jlink jdk.jpackage jdk.jshell jdk.jsobject jdk.jstatd jdk.localedata jdk.management.jfr jdk.naming.dns jdk.naming.rmi jdk.net jdk.nio.mapmode jdk.random jdk.sctp jdk.security.auth jdk.security.jgss jdk.unsupported jdk.unsupported.desktop jdk.xml.dom" 
OS_ARCH="x86_64" 
OS_NAME="Windows" 
SOURCE=".:git:e0bc49609000" 

Environment Variables:
PATH=C:\Program Files\Common Files\Oracle\Java\javapath;C:\Windows\system32;C:\Windows;C:\Windows\System32\Wbem;C:\Windows\System32\WindowsPowerShell\v1.0\;C:\Windows\System32\OpenSSH\;C:\Program Files (x86)\NVIDIA Corporation\PhysX\Common;C:\Users\admin\AppData\Local\nvm;C:\nvm4w\nodejs;C:\Program Files\Git\cmd;C:\Program Files\Redis\;d:\cursor\resources\app\bin;D:\xamp\php;C:\ProgramData\ComposerSetup\bin;C:\Program Files\Docker\Docker\resources\bin;D:\anaconda;D:\anaconda\Library\mingw-w64\bin;D:\anaconda\Library\usr\bin;D:\anaconda\Library\bin;D:\anaconda\Scripts;C:\Users\admin\AppData\Local\Microsoft\WindowsApps;C:\Users\admin\AppData\Local\Programs\Microsoft VS Code\bin;C:\Program Files\JetBrains\IntelliJ IDEA Community Edition 2025.1.1.1\bin;;C:\Users\admin\AppData\Local\nvm;C:\nvm4w\nodejs;D:\kafka\bin;D:\ide\PhpStorm 2025.2.4\bin;C:\Users\admin\AppData\Roaming\Composer\vendor\bin
USERNAME=admin
OS=Windows_NT
PROCESSOR_IDENTIFIER=AMD64 Family 23 Model 1 Stepping 1, AuthenticAMD
TMP=C:\Users\admin\AppData\Local\Temp
TEMP=C:\Users\admin\AppData\Local\Temp




Periodic native trim disabled

---------------  S Y S T E M  ---------------

OS:
 Windows 10 , 64 bit Build 19041 (10.0.19041.5915)
OS uptime: 6 days 11:05 hours

CPU: total 6 (initial active 6) (6 cores per cpu, 1 threads per core) family 23 model 1 stepping 1 microcode 0x0, cx8, cmov, fxsr, mmx, 3dnowpref, sse, sse2, sse3, ssse3, sse4a, sse4.1, sse4.2, popcnt, lzcnt, tsc, tscinvbit, avx, avx2, aes, clmul, bmi1, bmi2, adx, sha, fma, vzeroupper, clflush, clflushopt, rdtscp, f16c
Processor Information for the first 6 processors :
  Max Mhz: 3200, Current Mhz: 3200, Mhz Limit: 3200

Memory: 4k page, system-wide physical 16336M (5831M free)
TotalPageFile size 18768M (AvailPageFile size 3697M)
current process WorkingSet (physical memory assigned to process): 483M, peak: 511M
current process commit charge ("private bytes"): 519M, peak: 545M

vm_info: OpenJDK 64-Bit Server VM (21.0.9+10-LTS) for windows-amd64 JRE (21.0.9+10-LTS), built on 2025-10-13T22:04:36Z by "MicrosoftCorporation" with unknown MS VC++:1944

END.
